Copyright 1986-2018 Xilinx, Inc. All Rights Reserved.
-----------------------------------------------------------------------------------------------------
| Tool Version : Vivado v.2018.2 (lin64) Build 2258646 Thu Jun 14 20:02:38 MDT 2018
| Date         : Sat Jan 26 14:14:26 2019
| Host         : DevVM running 64-bit Ubuntu 16.04.5 LTS
| Command      : report_control_sets -verbose -file ProcessingSystem_wrapper_control_sets_placed.rpt
| Design       : ProcessingSystem_wrapper
| Device       : xc7z010
-----------------------------------------------------------------------------------------------------

Control Set Information

Table of Contents
-----------------
1. Summary
2. Histogram
3. Flip-Flop Distribution
4. Detailed Control Set Information

1. Summary
----------

+----------------------------------------------------------+-------+
|                          Status                          | Count |
+----------------------------------------------------------+-------+
| Number of unique control sets                            |    70 |
| Unused register locations in slices containing registers |    76 |
+----------------------------------------------------------+-------+


2. Histogram
------------

+--------+--------------+
| Fanout | Control Sets |
+--------+--------------+
|      4 |            1 |
|      8 |           11 |
|     10 |            1 |
|     12 |            3 |
|     14 |            1 |
|    16+ |           53 |
+--------+--------------+


3. Flip-Flop Distribution
-------------------------

+--------------+-----------------------+------------------------+-----------------+--------------+
| Clock Enable | Synchronous Set/Reset | Asynchronous Set/Reset | Total Registers | Total Slices |
+--------------+-----------------------+------------------------+-----------------+--------------+
| No           | No                    | No                     |             428 |           71 |
| No           | No                    | Yes                    |               0 |            0 |
| No           | Yes                   | No                     |             738 |          116 |
| Yes          | No                    | No                     |             874 |          101 |
| Yes          | No                    | Yes                    |               0 |            0 |
| Yes          | Yes                   | No                     |             700 |           91 |
+--------------+-----------------------+------------------------+-----------------+--------------+


4. Detailed Control Set Information
-----------------------------------

+-----------------------------------------------------+------------------------------------------------------------------------------------------------------------------------------------------------------------------------+----------------------------------------------------------------------------------------------------------------------------------------------------+------------------+----------------+
|                     Clock Signal                    |                                                                              Enable Signal                                                                             |                                                                  Set/Reset Signal                                                                  | Slice Load Count | Bel Load Count |
+-----------------------------------------------------+------------------------------------------------------------------------------------------------------------------------------------------------------------------------+----------------------------------------------------------------------------------------------------------------------------------------------------+------------------+----------------+
|  ProcessingSystem_i/ProcessingSystem/inst/FCLK_CLK0 | ProcessingSystem_i/ps7_0_axi_periph/s00_couplers/auto_pc/inst/gen_axilite.gen_b2s_conv.axilite_b2s/WR.b_channel_0/bid_fifo_0/bresp_push                                |                                                                                                                                                    |                1 |              4 |
|  ProcessingSystem_i/ProcessingSystem/inst/FCLK_CLK0 | ProcessingSystem_i/Buttons/U0/AXI_LITE_IPIF_I/I_SLAVE_ATTACHMENT/I_DECODER/Not_Dual.gpio_OE_reg[0][0]                                                                  | ProcessingSystem_i/Buttons/U0/bus2ip_reset                                                                                                         |                1 |              8 |
|  ProcessingSystem_i/ProcessingSystem/inst/FCLK_CLK0 | ProcessingSystem_i/XADC/U0/AXI_XADC_CORE_I/D[6]                                                                                                                        | ProcessingSystem_i/XADC/U0/AXI_LITE_IPIF_I/I_SLAVE_ATTACHMENT/reset2ip_reset                                                                       |                1 |              8 |
|  ProcessingSystem_i/ProcessingSystem/inst/FCLK_CLK0 | ProcessingSystem_i/ps7_0_axi_periph/s00_couplers/auto_pc/inst/gen_axilite.gen_b2s_conv.axilite_b2s/WR.aw_channel_0/aw_cmd_fsm_0/axaddr_wrap_reg[11][0]                 | ProcessingSystem_i/ps7_0_axi_periph/s00_couplers/auto_pc/inst/gen_axilite.gen_b2s_conv.axilite_b2s/WR.aw_channel_0/aw_cmd_fsm_0/axlen_cnt_reg[7]_1 |                2 |              8 |
|  ProcessingSystem_i/ProcessingSystem/inst/FCLK_CLK0 | ProcessingSystem_i/ps7_0_axi_periph/s00_couplers/auto_pc/inst/gen_axilite.gen_b2s_conv.axilite_b2s/RD.ar_channel_0/ar_cmd_fsm_0/E[0]                                   | ProcessingSystem_i/ps7_0_axi_periph/s00_couplers/auto_pc/inst/gen_axilite.gen_b2s_conv.axilite_b2s/RD.ar_channel_0/ar_cmd_fsm_0/axlen_cnt_reg[7]   |                2 |              8 |
|  ProcessingSystem_i/ProcessingSystem/inst/FCLK_CLK0 | ProcessingSystem_i/Switches/U0/AXI_LITE_IPIF_I/I_SLAVE_ATTACHMENT/I_DECODER/Not_Dual.gpio_OE_reg[0][0]                                                                 | ProcessingSystem_i/Switches/U0/bus2ip_reset                                                                                                        |                1 |              8 |
|  ProcessingSystem_i/ProcessingSystem/inst/FCLK_CLK0 |                                                                                                                                                                        | ProcessingSystem_i/ps7_0_axi_periph/s00_couplers/auto_pc/inst/gen_axilite.gen_b2s_conv.axilite_b2s/SI_REG/aw.aw_pipe/s_ready_i_reg_0               |                3 |              8 |
|  ProcessingSystem_i/ProcessingSystem/inst/FCLK_CLK0 |                                                                                                                                                                        | ProcessingSystem_i/ps7_0_axi_periph/s00_couplers/auto_pc/inst/gen_axilite.gen_b2s_conv.axilite_b2s/SI_REG/ar.ar_pipe/m_valid_i_reg_0               |                2 |              8 |
|  ProcessingSystem_i/ProcessingSystem/inst/FCLK_CLK0 |                                                                                                                                                                        | ProcessingSystem_i/Buttons/U0/gpio_core_1/Not_Dual.ALLIN1_ND.READ_REG_GEN[3].reg1[31]_i_1_n_0                                                      |                1 |              8 |
|  ProcessingSystem_i/ProcessingSystem/inst/FCLK_CLK0 |                                                                                                                                                                        | ProcessingSystem_i/Buttons/U0/AXI_LITE_IPIF_I/I_SLAVE_ATTACHMENT/clear                                                                             |                2 |              8 |
|  ProcessingSystem_i/ProcessingSystem/inst/FCLK_CLK0 |                                                                                                                                                                        | ProcessingSystem_i/Switches/U0/gpio_core_1/Not_Dual.ALLIN1_ND.READ_REG_GEN[3].reg1[31]_i_1_n_0                                                     |                1 |              8 |
|  ProcessingSystem_i/ProcessingSystem/inst/FCLK_CLK0 |                                                                                                                                                                        | ProcessingSystem_i/Switches/U0/AXI_LITE_IPIF_I/I_SLAVE_ATTACHMENT/clear                                                                            |                1 |              8 |
|  ProcessingSystem_i/ProcessingSystem/inst/FCLK_CLK0 |                                                                                                                                                                        | ProcessingSystem_i/SystemReset/U0/EXT_LPF/lpf_int                                                                                                  |                4 |             10 |
|  ProcessingSystem_i/ProcessingSystem/inst/FCLK_CLK0 | ProcessingSystem_i/SystemReset/U0/SEQ/seq_cnt_en                                                                                                                       | ProcessingSystem_i/SystemReset/U0/SEQ/SEQ_COUNTER/clear                                                                                            |                1 |             12 |
|  ProcessingSystem_i/ProcessingSystem/inst/FCLK_CLK0 | ProcessingSystem_i/Switches/U0/AXI_LITE_IPIF_I/I_SLAVE_ATTACHMENT/s_axi_rresp_i                                                                                        | ProcessingSystem_i/Switches/U0/bus2ip_reset                                                                                                        |                2 |             12 |
|  ProcessingSystem_i/ProcessingSystem/inst/FCLK_CLK0 | ProcessingSystem_i/Buttons/U0/AXI_LITE_IPIF_I/I_SLAVE_ATTACHMENT/s_axi_rresp_i                                                                                         | ProcessingSystem_i/Buttons/U0/bus2ip_reset                                                                                                         |                1 |             12 |
|  ProcessingSystem_i/ProcessingSystem/inst/FCLK_CLK0 |                                                                                                                                                                        | ProcessingSystem_i/XADC/U0/AXI_LITE_IPIF_I/I_SLAVE_ATTACHMENT/p_2_out                                                                              |                2 |             14 |
|  ProcessingSystem_i/ProcessingSystem/inst/FCLK_CLK0 | ProcessingSystem_i/AXI_Segment_0/U0/AXI_Segment_v1_0_S_AXI_inst/slv_reg2[15]_i_1_n_0                                                                                   | ProcessingSystem_i/AXI_Segment_0/U0/AXI_Segment_v1_0_S_AXI_inst/Display/SR[0]                                                                      |                1 |             16 |
|  ProcessingSystem_i/ProcessingSystem/inst/FCLK_CLK0 | ProcessingSystem_i/AXI_Segment_0/U0/AXI_Segment_v1_0_S_AXI_inst/slv_reg2[7]_i_1_n_0                                                                                    | ProcessingSystem_i/AXI_Segment_0/U0/AXI_Segment_v1_0_S_AXI_inst/Display/SR[0]                                                                      |                2 |             16 |
|  ProcessingSystem_i/ProcessingSystem/inst/FCLK_CLK0 | ProcessingSystem_i/AXI_Segment_0/U0/AXI_Segment_v1_0_S_AXI_inst/slv_reg1[7]_i_1_n_0                                                                                    | ProcessingSystem_i/AXI_Segment_0/U0/AXI_Segment_v1_0_S_AXI_inst/Display/SR[0]                                                                      |                1 |             16 |
|  ProcessingSystem_i/ProcessingSystem/inst/FCLK_CLK0 | ProcessingSystem_i/AXI_Segment_0/U0/AXI_Segment_v1_0_S_AXI_inst/p_1_in[23]                                                                                             | ProcessingSystem_i/AXI_Segment_0/U0/AXI_Segment_v1_0_S_AXI_inst/Display/SR[0]                                                                      |                2 |             16 |
|  ProcessingSystem_i/ProcessingSystem/inst/FCLK_CLK0 | ProcessingSystem_i/AXI_Segment_0/U0/AXI_Segment_v1_0_S_AXI_inst/p_1_in[15]                                                                                             | ProcessingSystem_i/AXI_Segment_0/U0/AXI_Segment_v1_0_S_AXI_inst/Display/SR[0]                                                                      |                1 |             16 |
|  ProcessingSystem_i/ProcessingSystem/inst/FCLK_CLK0 | ProcessingSystem_i/AXI_Segment_0/U0/AXI_Segment_v1_0_S_AXI_inst/p_1_in[7]                                                                                              | ProcessingSystem_i/AXI_Segment_0/U0/AXI_Segment_v1_0_S_AXI_inst/Display/SR[0]                                                                      |                1 |             16 |
|  ProcessingSystem_i/ProcessingSystem/inst/FCLK_CLK0 | ProcessingSystem_i/Buttons/U0/AXI_LITE_IPIF_I/I_SLAVE_ATTACHMENT/bus2ip_addr_i[8]_i_1_n_0                                                                              | ProcessingSystem_i/Buttons/U0/bus2ip_reset                                                                                                         |                1 |             16 |
|  ProcessingSystem_i/ProcessingSystem/inst/FCLK_CLK0 | ProcessingSystem_i/AXI_Segment_0/U0/AXI_Segment_v1_0_S_AXI_inst/p_1_in[31]                                                                                             | ProcessingSystem_i/AXI_Segment_0/U0/AXI_Segment_v1_0_S_AXI_inst/Display/SR[0]                                                                      |                1 |             16 |
|  ProcessingSystem_i/ProcessingSystem/inst/FCLK_CLK0 | ProcessingSystem_i/AXI_Segment_0/U0/AXI_Segment_v1_0_S_AXI_inst/slv_reg2[31]_i_1_n_0                                                                                   | ProcessingSystem_i/AXI_Segment_0/U0/AXI_Segment_v1_0_S_AXI_inst/Display/SR[0]                                                                      |                1 |             16 |
|  ProcessingSystem_i/ProcessingSystem/inst/FCLK_CLK0 | ProcessingSystem_i/ps7_0_axi_periph/s00_couplers/auto_pc/inst/gen_axilite.gen_b2s_conv.axilite_b2s/WR.b_channel_0/mhandshake_r                                         | ProcessingSystem_i/ps7_0_axi_periph/s00_couplers/auto_pc/inst/gen_axilite.gen_b2s_conv.axilite_b2s/WR.b_channel_0/bid_fifo_0/SR[0]                 |                4 |             16 |
|  ProcessingSystem_i/ProcessingSystem/inst/FCLK_CLK0 | ProcessingSystem_i/AXI_Segment_0/U0/AXI_Segment_v1_0_S_AXI_inst/slv_reg0[23]_i_1_n_0                                                                                   | ProcessingSystem_i/AXI_Segment_0/U0/AXI_Segment_v1_0_S_AXI_inst/Display/SR[0]                                                                      |                1 |             16 |
|  ProcessingSystem_i/ProcessingSystem/inst/FCLK_CLK0 | ProcessingSystem_i/AXI_Segment_0/U0/AXI_Segment_v1_0_S_AXI_inst/slv_reg0[31]_i_1_n_0                                                                                   | ProcessingSystem_i/AXI_Segment_0/U0/AXI_Segment_v1_0_S_AXI_inst/Display/SR[0]                                                                      |                1 |             16 |
|  ProcessingSystem_i/ProcessingSystem/inst/FCLK_CLK0 | ProcessingSystem_i/AXI_Segment_0/U0/AXI_Segment_v1_0_S_AXI_inst/slv_reg0[7]_i_1_n_0                                                                                    | ProcessingSystem_i/AXI_Segment_0/U0/AXI_Segment_v1_0_S_AXI_inst/Display/SR[0]                                                                      |                2 |             16 |
|  ProcessingSystem_i/ProcessingSystem/inst/FCLK_CLK0 | ProcessingSystem_i/AXI_Segment_0/U0/AXI_Segment_v1_0_S_AXI_inst/slv_reg0[15]_i_1_n_0                                                                                   | ProcessingSystem_i/AXI_Segment_0/U0/AXI_Segment_v1_0_S_AXI_inst/Display/SR[0]                                                                      |                1 |             16 |
|  ProcessingSystem_i/ProcessingSystem/inst/FCLK_CLK0 | ProcessingSystem_i/Switches/U0/AXI_LITE_IPIF_I/I_SLAVE_ATTACHMENT/bus2ip_addr_i[8]_i_1_n_0                                                                             | ProcessingSystem_i/Switches/U0/bus2ip_reset                                                                                                        |                2 |             16 |
|  ProcessingSystem_i/ProcessingSystem/inst/FCLK_CLK0 | ProcessingSystem_i/AXI_Segment_0/U0/AXI_Segment_v1_0_S_AXI_inst/slv_reg2[23]_i_1_n_0                                                                                   | ProcessingSystem_i/AXI_Segment_0/U0/AXI_Segment_v1_0_S_AXI_inst/Display/SR[0]                                                                      |                1 |             16 |
|  ProcessingSystem_i/ProcessingSystem/inst/FCLK_CLK0 | ProcessingSystem_i/AXI_Segment_0/U0/AXI_Segment_v1_0_S_AXI_inst/slv_reg1[23]_i_1_n_0                                                                                   | ProcessingSystem_i/AXI_Segment_0/U0/AXI_Segment_v1_0_S_AXI_inst/Display/SR[0]                                                                      |                1 |             16 |
|  ProcessingSystem_i/ProcessingSystem/inst/FCLK_CLK0 | ProcessingSystem_i/AXI_Segment_0/U0/AXI_Segment_v1_0_S_AXI_inst/slv_reg1[31]_i_1_n_0                                                                                   | ProcessingSystem_i/AXI_Segment_0/U0/AXI_Segment_v1_0_S_AXI_inst/Display/SR[0]                                                                      |                1 |             16 |
|  ProcessingSystem_i/ProcessingSystem/inst/FCLK_CLK0 | ProcessingSystem_i/AXI_Segment_0/U0/AXI_Segment_v1_0_S_AXI_inst/slv_reg1[15]_i_1_n_0                                                                                   | ProcessingSystem_i/AXI_Segment_0/U0/AXI_Segment_v1_0_S_AXI_inst/Display/SR[0]                                                                      |                1 |             16 |
|  ProcessingSystem_i/ProcessingSystem/inst/FCLK_CLK0 | ProcessingSystem_i/ps7_0_axi_periph/s00_couplers/auto_pc/inst/gen_axilite.gen_b2s_conv.axilite_b2s/RD.ar_channel_0/ar_cmd_fsm_0/axaddr_incr_reg[0][0]                  |                                                                                                                                                    |                3 |             24 |
|  ProcessingSystem_i/ProcessingSystem/inst/FCLK_CLK0 | ProcessingSystem_i/ps7_0_axi_periph/s00_couplers/auto_pc/inst/gen_axilite.gen_b2s_conv.axilite_b2s/RD.ar_channel_0/ar_cmd_fsm_0/wrap_boundary_axaddr_r_reg[11][0]      |                                                                                                                                                    |                5 |             24 |
|  ProcessingSystem_i/ProcessingSystem/inst/FCLK_CLK0 | ProcessingSystem_i/ps7_0_axi_periph/s00_couplers/auto_pc/inst/gen_axilite.gen_b2s_conv.axilite_b2s/WR.aw_channel_0/cmd_translator_0/incr_cmd_0/axaddr_incr[11]_i_1_n_0 |                                                                                                                                                    |                2 |             24 |
|  ProcessingSystem_i/ProcessingSystem/inst/FCLK_CLK0 | ProcessingSystem_i/ps7_0_axi_periph/s00_couplers/auto_pc/inst/gen_axilite.gen_b2s_conv.axilite_b2s/WR.aw_channel_0/aw_cmd_fsm_0/E[0]                                   |                                                                                                                                                    |                4 |             24 |
|  ProcessingSystem_i/ProcessingSystem/inst/FCLK_CLK0 |                                                                                                                                                                        | ProcessingSystem_i/ps7_0_axi_periph/xbar/inst/gen_sasd.crossbar_sasd_0/addr_arbiter_inst/SR[0]                                                     |                5 |             26 |
|  ProcessingSystem_i/ProcessingSystem/inst/FCLK_CLK0 | ProcessingSystem_i/ps7_0_axi_periph/s00_couplers/auto_pc/inst/gen_axilite.gen_b2s_conv.axilite_b2s/RD.r_channel_0/r_push_r                                             |                                                                                                                                                    |                4 |             26 |
|  ProcessingSystem_i/ProcessingSystem/inst/FCLK_CLK0 | ProcessingSystem_i/ps7_0_axi_periph/s00_couplers/auto_pc/inst/gen_axilite.gen_b2s_conv.axilite_b2s/SI_REG/b.b_pipe/skid_buffer_reg[0]_0                                |                                                                                                                                                    |                3 |             28 |
|  ProcessingSystem_i/ProcessingSystem/inst/FCLK_CLK0 | ProcessingSystem_i/ps7_0_axi_periph/s00_couplers/auto_pc/inst/gen_axilite.gen_b2s_conv.axilite_b2s/SI_REG/b.b_pipe/p_1_in                                              |                                                                                                                                                    |                3 |             28 |
|  ProcessingSystem_i/ProcessingSystem/inst/FCLK_CLK0 |                                                                                                                                                                        | ProcessingSystem_i/XADC/U0/AXI_XADC_CORE_I/do_reg[15]_i_1_n_0                                                                                      |                6 |             32 |
|  ProcessingSystem_i/ProcessingSystem/inst/FCLK_CLK0 | ProcessingSystem_i/ps7_0_axi_periph/s00_couplers/auto_pc/inst/gen_axilite.gen_b2s_conv.axilite_b2s/WR.aw_channel_0/aw_cmd_fsm_0/b_push                                 |                                                                                                                                                    |                3 |             32 |
|  ProcessingSystem_i/ProcessingSystem/inst/FCLK_CLK0 | ProcessingSystem_i/XADC/U0/AXI_LITE_IPIF_I/I_SLAVE_ATTACHMENT/I_DECODER/E[0]                                                                                           | ProcessingSystem_i/XADC/U0/AXI_LITE_IPIF_I/I_SLAVE_ATTACHMENT/reset2ip_reset                                                                       |                7 |             34 |
|  ProcessingSystem_i/ProcessingSystem/inst/FCLK_CLK0 | ProcessingSystem_i/ps7_0_axi_periph/s00_couplers/auto_pc/inst/gen_axilite.gen_b2s_conv.axilite_b2s/RD.ar_channel_0/ar_cmd_fsm_0/E[0]                                   |                                                                                                                                                    |                7 |             40 |
|  ProcessingSystem_i/ProcessingSystem/inst/FCLK_CLK0 | ProcessingSystem_i/ps7_0_axi_periph/s00_couplers/auto_pc/inst/gen_axilite.gen_b2s_conv.axilite_b2s/WR.aw_channel_0/aw_cmd_fsm_0/axaddr_wrap_reg[11][0]                 |                                                                                                                                                    |                7 |             40 |
|  ProcessingSystem_i/ProcessingSystem/inst/FCLK_CLK0 | ProcessingSystem_i/XADC/U0/AXI_LITE_IPIF_I/I_SLAVE_ATTACHMENT/s_axi_rresp_i                                                                                            | ProcessingSystem_i/XADC/U0/AXI_LITE_IPIF_I/I_SLAVE_ATTACHMENT/SR[0]                                                                                |                5 |             40 |
|  ProcessingSystem_i/ProcessingSystem/inst/FCLK_CLK0 | ProcessingSystem_i/Buttons/U0/AXI_LITE_IPIF_I/I_SLAVE_ATTACHMENT/start2                                                                                                | ProcessingSystem_i/Buttons/U0/AXI_LITE_IPIF_I/I_SLAVE_ATTACHMENT/I_DECODER/cs_ce_clr                                                               |                5 |             42 |
|  ProcessingSystem_i/ProcessingSystem/inst/FCLK_CLK0 | ProcessingSystem_i/Switches/U0/AXI_LITE_IPIF_I/I_SLAVE_ATTACHMENT/start2                                                                                               | ProcessingSystem_i/Switches/U0/AXI_LITE_IPIF_I/I_SLAVE_ATTACHMENT/I_DECODER/cs_ce_clr                                                              |                4 |             42 |
|  ProcessingSystem_i/ProcessingSystem/inst/FCLK_CLK0 | ProcessingSystem_i/ps7_0_axi_periph/xbar/inst/gen_sasd.crossbar_sasd_0/addr_arbiter_inst/p_0_in1_in                                                                    | ProcessingSystem_i/ps7_0_axi_periph/xbar/inst/gen_sasd.crossbar_sasd_0/addr_arbiter_inst/SR[0]                                                     |                9 |             48 |
|  ProcessingSystem_i/ProcessingSystem/inst/FCLK_CLK0 |                                                                                                                                                                        | ProcessingSystem_i/AXI_Segment_0/U0/AXI_Segment_v1_0_S_AXI_inst/Display/SR[0]                                                                      |                9 |             48 |
|  ProcessingSystem_i/ProcessingSystem/inst/FCLK_CLK0 |                                                                                                                                                                        | ProcessingSystem_i/XADC/U0/AXI_LITE_IPIF_I/I_SLAVE_ATTACHMENT/SR[0]                                                                                |                9 |             50 |
|  ProcessingSystem_i/ProcessingSystem/inst/FCLK_CLK0 | ProcessingSystem_i/XADC/U0/AXI_LITE_IPIF_I/I_SLAVE_ATTACHMENT/I_DECODER/start                                                                                          | ProcessingSystem_i/XADC/U0/AXI_LITE_IPIF_I/I_SLAVE_ATTACHMENT/I_DECODER/cs_ce_clr                                                                  |               11 |             50 |
|  ProcessingSystem_i/ProcessingSystem/inst/FCLK_CLK0 | ProcessingSystem_i/AXI_Segment_0/U0/AXI_Segment_v1_0_S_AXI_inst/slv_reg_rden                                                                                           | ProcessingSystem_i/AXI_Segment_0/U0/AXI_Segment_v1_0_S_AXI_inst/Display/SR[0]                                                                      |               13 |             64 |
|  ProcessingSystem_i/ProcessingSystem/inst/FCLK_CLK0 | ProcessingSystem_i/ps7_0_axi_periph/s00_couplers/auto_pc/inst/gen_axilite.gen_b2s_conv.axilite_b2s/RD.r_channel_0/rd_data_fifo_0/wr_en0                                |                                                                                                                                                    |                9 |             68 |
|  ProcessingSystem_i/ProcessingSystem/inst/FCLK_CLK0 | ProcessingSystem_i/ps7_0_axi_periph/xbar/inst/gen_sasd.crossbar_sasd_0/addr_arbiter_inst/E[0]                                                                          |                                                                                                                                                    |                6 |             70 |
|  ProcessingSystem_i/ProcessingSystem/inst/FCLK_CLK0 |                                                                                                                                                                        | ProcessingSystem_i/Switches/U0/bus2ip_reset                                                                                                        |               14 |             80 |
|  ProcessingSystem_i/ProcessingSystem/inst/FCLK_CLK0 |                                                                                                                                                                        | ProcessingSystem_i/Buttons/U0/bus2ip_reset                                                                                                         |               12 |             80 |
|  ProcessingSystem_i/ProcessingSystem/inst/FCLK_CLK0 | ProcessingSystem_i/ps7_0_axi_periph/s00_couplers/auto_pc/inst/gen_axilite.gen_b2s_conv.axilite_b2s/SI_REG/r.r_pipe/p_1_in                                              |                                                                                                                                                    |                6 |             94 |
|  ProcessingSystem_i/ProcessingSystem/inst/FCLK_CLK0 | ProcessingSystem_i/ps7_0_axi_periph/s00_couplers/auto_pc/inst/gen_axilite.gen_b2s_conv.axilite_b2s/SI_REG/r.r_pipe/skid_buffer_reg[0]_0                                |                                                                                                                                                    |                8 |             94 |
|  ProcessingSystem_i/ProcessingSystem/inst/FCLK_CLK0 | ProcessingSystem_i/ps7_0_axi_periph/s00_couplers/auto_pc/inst/gen_axilite.gen_b2s_conv.axilite_b2s/SI_REG/aw.aw_pipe/s_axi_awready                                     |                                                                                                                                                    |               14 |             96 |
|  ProcessingSystem_i/ProcessingSystem/inst/FCLK_CLK0 | ProcessingSystem_i/ps7_0_axi_periph/s00_couplers/auto_pc/inst/gen_axilite.gen_b2s_conv.axilite_b2s/SI_REG/ar.ar_pipe/s_axi_arready                                     |                                                                                                                                                    |               12 |             96 |
|  ProcessingSystem_i/ProcessingSystem/inst/FCLK_CLK0 | ProcessingSystem_i/ps7_0_axi_periph/s00_couplers/auto_pc/inst/gen_axilite.gen_b2s_conv.axilite_b2s/WR.aw_channel_0/aw_cmd_fsm_0/m_payload_i_reg[0][0]                  |                                                                                                                                                    |               10 |             96 |
|  ProcessingSystem_i/ProcessingSystem/inst/FCLK_CLK0 | ProcessingSystem_i/ps7_0_axi_periph/s00_couplers/auto_pc/inst/gen_axilite.gen_b2s_conv.axilite_b2s/RD.ar_channel_0/ar_cmd_fsm_0/m_payload_i_reg[0]_1[0]                |                                                                                                                                                    |               11 |             96 |
|  ProcessingSystem_i/ProcessingSystem/inst/FCLK_CLK0 |                                                                                                                                                                        | ProcessingSystem_i/ps7_0_axi_periph/s00_couplers/auto_pc/inst/gen_axilite.gen_b2s_conv.axilite_b2s/areset_d1                                       |               15 |            120 |
|  ProcessingSystem_i/ProcessingSystem/inst/FCLK_CLK0 |                                                                                                                                                                        | ProcessingSystem_i/XADC/U0/AXI_LITE_IPIF_I/I_SLAVE_ATTACHMENT/reset2ip_reset                                                                       |               30 |            230 |
|  ProcessingSystem_i/ProcessingSystem/inst/FCLK_CLK0 |                                                                                                                                                                        |                                                                                                                                                    |               72 |            430 |
+-----------------------------------------------------+------------------------------------------------------------------------------------------------------------------------------------------------------------------------+----------------------------------------------------------------------------------------------------------------------------------------------------+------------------+----------------+


