#-----------------------------------------------------------
# Webtalk v2018.3 (64-bit)
# SW Build 2405991 on Thu Dec  6 23:36:41 MST 2018
# 
# Start of session at: Wed Jan 23 15:20:47 2019
# Process ID: 16103
# Current directory: /home/daniel/Schreibtisch/Git/Zybo-Linux/Vivado/ZyboLinux/ZyboLinux.sdk/webtalk
# Command line: wbtcv -mode batch -source sdk_webtalk.tcl
# Log file: /home/daniel/Schreibtisch/Git/Zybo-Linux/Vivado/ZyboLinux/ZyboLinux.sdk/webtalk/webtalk.log
# Journal file: /home/daniel/Schreibtisch/Git/Zybo-Linux/Vivado/ZyboLinux/ZyboLinux.sdk/webtalk/webtalk.jou
#-----------------------------------------------------------
source sdk_webtalk.tcl
# webtalk_init -webtalk_dir /home/daniel/Schreibtisch/Git/Zybo-Linux/Vivado/ZyboLinux/ZyboLinux.sdk/webtalk
# webtalk_register_client -client project
# webtalk_add_data -client project -key date_generated -value "2019-01-23 15:20:45" -context "software_version_and_target_device"
# webtalk_add_data -client project -key product_version -value "SDK v2018.3" -context "software_version_and_target_device"
# webtalk_add_data -client project -key build_version -value "2018.3" -context "software_version_and_target_device"
# webtalk_add_data -client project -key os_platform -value "amd64" -context "software_version_and_target_device"
# webtalk_add_data -client project -key registration_id -value "210727995_1777512417_210616669_940" -context "software_version_and_target_device"
# webtalk_add_data -client project -key tool_flow -value "SDK" -context "software_version_and_target_device"
# webtalk_add_data -client project -key beta -value "false" -context "software_version_and_target_device"
# webtalk_add_data -client project -key route_design -value "NA" -context "software_version_and_target_device"
# webtalk_add_data -client project -key target_family -value "NA" -context "software_version_and_target_device"
# webtalk_add_data -client project -key target_device -value "NA" -context "software_version_and_target_device"
# webtalk_add_data -client project -key target_package -value "NA" -context "software_version_and_target_device"
# webtalk_add_data -client project -key target_speed -value "NA" -context "software_version_and_target_device"
# webtalk_add_data -client project -key random_id -value "dc9gvb19tbcoeu5s54rupsslgg" -context "software_version_and_target_device"
# webtalk_add_data -client project -key project_id -value "2018.3_1" -context "software_version_and_target_device"
# webtalk_add_data -client project -key project_iteration -value "1" -context "software_version_and_target_device"
# webtalk_add_data -client project -key os_name -value "Ubuntu" -context "user_environment"
# webtalk_add_data -client project -key os_release -value "Ubuntu 16.04.5 LTS" -context "user_environment"
# webtalk_add_data -client project -key cpu_name -value "Intel(R) Core(TM) i7-4790K CPU @ 4.00GHz" -context "user_environment"
# webtalk_add_data -client project -key cpu_speed -value "4000.003 MHz" -context "user_environment"
# webtalk_add_data -client project -key total_processors -value "1" -context "user_environment"
# webtalk_add_data -client project -key system_ram -value "10,478 GB" -context "user_environment"
# webtalk_register_client -client sdk
# webtalk_add_data -client sdk -key uid -value "1548252909000" -context "sdk\\\\hardware/1548252909000"
# webtalk_add_data -client sdk -key isZynq -value "true" -context "sdk\\\\hardware/1548252909000"
# webtalk_add_data -client sdk -key isZynqMP -value "false" -context "sdk\\\\hardware/1548252909000"
# webtalk_add_data -client sdk -key Processors -value "2" -context "sdk\\\\hardware/1548252909000"
# webtalk_add_data -client sdk -key VivadoVersion -value "2018.3" -context "sdk\\\\hardware/1548252909000"
# webtalk_add_data -client sdk -key Arch -value "zynq" -context "sdk\\\\hardware/1548252909000"
# webtalk_add_data -client sdk -key Device -value "7z010" -context "sdk\\\\hardware/1548252909000"
# webtalk_add_data -client sdk -key IsHandoff -value "true" -context "sdk\\\\hardware/1548252909000"
# webtalk_add_data -client sdk -key os -value "NA" -context "sdk\\\\hardware/1548252909000"
# webtalk_add_data -client sdk -key apptemplate -value "NA" -context "sdk\\\\hardware/1548252909000"
# webtalk_add_data -client sdk -key RecordType -value "HWCreation" -context "sdk\\\\hardware/1548252909000"
# webtalk_add_data -client sdk -key uid -value "1548252992000" -context "sdk\\\\bsp/1548252992000"
# webtalk_add_data -client sdk -key hwid -value "1548252909000" -context "sdk\\\\bsp/1548252992000"
# webtalk_add_data -client sdk -key os -value "standalone" -context "sdk\\\\bsp/1548252992000"
# webtalk_add_data -client sdk -key apptemplate -value "zynq_fsbl" -context "sdk\\\\bsp/1548252992000"
# webtalk_add_data -client sdk -key RecordType -value "BSPCreation" -context "sdk\\\\bsp/1548252992000"
# webtalk_add_data -client sdk -key uid -value "1548253019000" -context "sdk\\\\application/1548253019000"
# webtalk_add_data -client sdk -key hwid -value "1548252909000" -context "sdk\\\\application/1548253019000"
# webtalk_add_data -client sdk -key bspid -value "1548252992000" -context "sdk\\\\application/1548253019000"
# webtalk_add_data -client sdk -key newbsp -value "true" -context "sdk\\\\application/1548253019000"
# webtalk_add_data -client sdk -key os -value "standalone" -context "sdk\\\\application/1548253019000"
# webtalk_add_data -client sdk -key apptemplate -value "zynq_fsbl" -context "sdk\\\\application/1548253019000"
# webtalk_add_data -client sdk -key RecordType -value "APPCreation" -context "sdk\\\\application/1548253019000"
# webtalk_add_data -client sdk -key LangUsed -value "C" -context "sdk\\\\application/1548253019000"
# webtalk_add_data -client sdk -key Procused -value "ps7_cortexa9" -context "sdk\\\\application/1548253019000"
# webtalk_add_data -client sdk -key projSize -value "595.4609375" -context "sdk\\\\application/1548253019000"
# webtalk_add_data -client sdk -key uid -value "NA" -context "sdk\\\\bsp/1548253245437"
# webtalk_add_data -client sdk -key RecordType -value "ToolUsage" -context "sdk\\\\bsp/1548253245437"
# webtalk_add_data -client sdk -key BootgenCount -value "0" -context "sdk\\\\bsp/1548253245437"
# webtalk_add_data -client sdk -key DebugCount -value "0" -context "sdk\\\\bsp/1548253245437"
# webtalk_add_data -client sdk -key PerfCount -value "0" -context "sdk\\\\bsp/1548253245437"
# webtalk_add_data -client sdk -key FlashCount -value "0" -context "sdk\\\\bsp/1548253245437"
# webtalk_add_data -client sdk -key CrossTriggCount -value "0" -context "sdk\\\\bsp/1548253245437"
# webtalk_add_data -client sdk -key QemuDebugCount -value "0" -context "sdk\\\\bsp/1548253245437"
# webtalk_transmit -clientid 1124741542 -regid "210727995_1777512417_210616669_940" -xml /home/daniel/Schreibtisch/Git/Zybo-Linux/Vivado/ZyboLinux/ZyboLinux.sdk/webtalk/usage_statistics_ext_sdk.xml -html /home/daniel/Schreibtisch/Git/Zybo-Linux/Vivado/ZyboLinux/ZyboLinux.sdk/webtalk/usage_statistics_ext_sdk.html -wdm /home/daniel/Schreibtisch/Git/Zybo-Linux/Vivado/ZyboLinux/ZyboLinux.sdk/webtalk/sdk_webtalk.wdm -intro "<H3>SDK Usage Report</H3><BR>"
# webtalk_terminate
INFO: [Common 17-206] Exiting Webtalk at Wed Jan 23 15:20:47 2019...
