#-----------------------------------------------------------
# Webtalk v2017.4 (64-bit)
# SW Build 2086221 on Fri Dec 15 20:54:30 MST 2017
# 
# Start of session at: Sat May  5 21:42:53 2018
# Process ID: 11372
# Current directory: /home/daniel/Schreibtisch/Git/Zybo-Linux/Vivado/ZyboLinux/ZyboLinux.sdk/webtalk
# Command line: wbtcv -mode batch -source sdk_webtalk.tcl
# Log file: /home/daniel/Schreibtisch/Git/Zybo-Linux/Vivado/ZyboLinux/ZyboLinux.sdk/webtalk/webtalk.log
# Journal file: /home/daniel/Schreibtisch/Git/Zybo-Linux/Vivado/ZyboLinux/ZyboLinux.sdk/webtalk/webtalk.jou
#-----------------------------------------------------------
source sdk_webtalk.tcl
# webtalk_init -webtalk_dir /home/daniel/Schreibtisch/Git/Zybo-Linux/Vivado/ZyboLinux/ZyboLinux.sdk/webtalk
# webtalk_register_client -client project
# webtalk_add_data -client project -key date_generated -value "2018-05-05 21:42:51" -context "software_version_and_target_device"
# webtalk_add_data -client project -key product_version -value "SDK v2017.4" -context "software_version_and_target_device"
# webtalk_add_data -client project -key build_version -value "2017.4" -context "software_version_and_target_device"
# webtalk_add_data -client project -key os_platform -value "amd64" -context "software_version_and_target_device"
# webtalk_add_data -client project -key registration_id -value "210727995_1777512417_210616669_940" -context "software_version_and_target_device"
# webtalk_add_data -client project -key tool_flow -value "SDK" -context "software_version_and_target_device"
# webtalk_add_data -client project -key beta -value "false" -context "software_version_and_target_device"
# webtalk_add_data -client project -key route_design -value "NA" -context "software_version_and_target_device"
# webtalk_add_data -client project -key target_family -value "NA" -context "software_version_and_target_device"
# webtalk_add_data -client project -key target_device -value "NA" -context "software_version_and_target_device"
# webtalk_add_data -client project -key target_package -value "NA" -context "software_version_and_target_device"
# webtalk_add_data -client project -key target_speed -value "NA" -context "software_version_and_target_device"
# webtalk_add_data -client project -key random_id -value "jfpdiluj861jjtk337cs3u91ic" -context "software_version_and_target_device"
# webtalk_add_data -client project -key project_id -value "2017.4_6" -context "software_version_and_target_device"
# webtalk_add_data -client project -key project_iteration -value "6" -context "software_version_and_target_device"
# webtalk_add_data -client project -key os_name -value "Ubuntu" -context "user_environment"
# webtalk_add_data -client project -key os_release -value "Ubuntu 16.04.4 LTS" -context "user_environment"
# webtalk_add_data -client project -key cpu_name -value "Intel(R) Core(TM) i7-4790K CPU @ 4.00GHz" -context "user_environment"
# webtalk_add_data -client project -key cpu_speed -value "4000.102 MHz" -context "user_environment"
# webtalk_add_data -client project -key total_processors -value "1" -context "user_environment"
# webtalk_add_data -client project -key system_ram -value "11,542 GB" -context "user_environment"
# webtalk_register_client -client sdk
# webtalk_add_data -client sdk -key uid -value "1525549245000" -context "sdk\\\\hardware/1525549245000"
# webtalk_add_data -client sdk -key isZynq -value "true" -context "sdk\\\\hardware/1525549245000"
# webtalk_add_data -client sdk -key isZynqMP -value "false" -context "sdk\\\\hardware/1525549245000"
# webtalk_add_data -client sdk -key Processors -value "2" -context "sdk\\\\hardware/1525549245000"
# webtalk_add_data -client sdk -key VivadoVersion -value "2017.4" -context "sdk\\\\hardware/1525549245000"
# webtalk_add_data -client sdk -key Arch -value "zynq" -context "sdk\\\\hardware/1525549245000"
# webtalk_add_data -client sdk -key Device -value "7z010" -context "sdk\\\\hardware/1525549245000"
# webtalk_add_data -client sdk -key IsHandoff -value "true" -context "sdk\\\\hardware/1525549245000"
# webtalk_add_data -client sdk -key os -value "NA" -context "sdk\\\\hardware/1525549245000"
# webtalk_add_data -client sdk -key apptemplate -value "NA" -context "sdk\\\\hardware/1525549245000"
# webtalk_add_data -client sdk -key RecordType -value "HWCreation" -context "sdk\\\\hardware/1525549245000"
# webtalk_add_data -client sdk -key uid -value "1525549261000" -context "sdk\\\\bsp/1525549261000"
# webtalk_add_data -client sdk -key hwid -value "1525549245000" -context "sdk\\\\bsp/1525549261000"
# webtalk_add_data -client sdk -key os -value "standalone" -context "sdk\\\\bsp/1525549261000"
# webtalk_add_data -client sdk -key apptemplate -value "zynq_fsbl" -context "sdk\\\\bsp/1525549261000"
# webtalk_add_data -client sdk -key RecordType -value "BSPCreation" -context "sdk\\\\bsp/1525549261000"
# webtalk_add_data -client sdk -key uid -value "1525549274000" -context "sdk\\\\application/1525549274000"
# webtalk_add_data -client sdk -key hwid -value "1525549245000" -context "sdk\\\\application/1525549274000"
# webtalk_add_data -client sdk -key bspid -value "1525549261000" -context "sdk\\\\application/1525549274000"
# webtalk_add_data -client sdk -key newbsp -value "true" -context "sdk\\\\application/1525549274000"
# webtalk_add_data -client sdk -key os -value "standalone" -context "sdk\\\\application/1525549274000"
# webtalk_add_data -client sdk -key apptemplate -value "zynq_fsbl" -context "sdk\\\\application/1525549274000"
# webtalk_add_data -client sdk -key RecordType -value "APPCreation" -context "sdk\\\\application/1525549274000"
# webtalk_add_data -client sdk -key LangUsed -value "C" -context "sdk\\\\application/1525549274000"
# webtalk_add_data -client sdk -key Procused -value "ps7_cortexa9" -context "sdk\\\\application/1525549274000"
# webtalk_add_data -client sdk -key projSize -value "340.48046875" -context "sdk\\\\application/1525549274000"
# webtalk_add_data -client sdk -key uid -value "1525549287000" -context "sdk\\\\bsp/1525549287000"
# webtalk_add_data -client sdk -key hwid -value "1525549245000" -context "sdk\\\\bsp/1525549287000"
# webtalk_add_data -client sdk -key os -value "device_tree" -context "sdk\\\\bsp/1525549287000"
# webtalk_add_data -client sdk -key apptemplate -value "null" -context "sdk\\\\bsp/1525549287000"
# webtalk_add_data -client sdk -key RecordType -value "BSPCreation" -context "sdk\\\\bsp/1525549287000"
# webtalk_add_data -client sdk -key uid -value "NA" -context "sdk\\\\bsp/1525549371944"
# webtalk_add_data -client sdk -key RecordType -value "ToolUsage" -context "sdk\\\\bsp/1525549371944"
# webtalk_add_data -client sdk -key BootgenCount -value "0" -context "sdk\\\\bsp/1525549371944"
# webtalk_add_data -client sdk -key DebugCount -value "0" -context "sdk\\\\bsp/1525549371944"
# webtalk_add_data -client sdk -key PerfCount -value "0" -context "sdk\\\\bsp/1525549371944"
# webtalk_add_data -client sdk -key FlashCount -value "0" -context "sdk\\\\bsp/1525549371944"
# webtalk_add_data -client sdk -key CrossTriggCount -value "0" -context "sdk\\\\bsp/1525549371944"
# webtalk_add_data -client sdk -key QemuDebugCount -value "0" -context "sdk\\\\bsp/1525549371944"
# webtalk_transmit -clientid 278470749 -regid "210727995_1777512417_210616669_940" -xml /home/daniel/Schreibtisch/Git/Zybo-Linux/Vivado/ZyboLinux/ZyboLinux.sdk/webtalk/usage_statistics_ext_sdk.xml -html /home/daniel/Schreibtisch/Git/Zybo-Linux/Vivado/ZyboLinux/ZyboLinux.sdk/webtalk/usage_statistics_ext_sdk.html -wdm /home/daniel/Schreibtisch/Git/Zybo-Linux/Vivado/ZyboLinux/ZyboLinux.sdk/webtalk/sdk_webtalk.wdm -intro "<H3>SDK Usage Report</H3><BR>"
INFO: [Common 17-186] '/home/daniel/Schreibtisch/Git/Zybo-Linux/Vivado/ZyboLinux/ZyboLinux.sdk/webtalk/usage_statistics_ext_sdk.xml' has been successfully sent to Xilinx on Sat May  5 21:42:55 2018. For additional details about this file, please refer to the WebTalk help file at /opt/Xilinx/SDK/2017.4/doc/webtalk_introduction.html.
# webtalk_terminate
INFO: [Common 17-206] Exiting Webtalk at Sat May  5 21:42:55 2018...
