#-----------------------------------------------------------
# Webtalk v2017.4 (64-bit)
# SW Build 2086221 on Fri Dec 15 20:54:30 MST 2017
# 
# Start of session at: Sun Apr  1 14:35:42 2018
# Process ID: 7497
# Current directory: /home/daniel/Schreibtisch/Git/Zybo-Linux/Vivado/ZyboLinux/ZyboLinux.sdk/webtalk
# Command line: wbtcv -mode batch -source sdk_webtalk.tcl
# Log file: /home/daniel/Schreibtisch/Git/Zybo-Linux/Vivado/ZyboLinux/ZyboLinux.sdk/webtalk/webtalk.log
# Journal file: /home/daniel/Schreibtisch/Git/Zybo-Linux/Vivado/ZyboLinux/ZyboLinux.sdk/webtalk/webtalk.jou
#-----------------------------------------------------------
source sdk_webtalk.tcl
# webtalk_init -webtalk_dir /home/daniel/Schreibtisch/Git/Zybo-Linux/Vivado/ZyboLinux/ZyboLinux.sdk/webtalk
# webtalk_register_client -client project
# webtalk_add_data -client project -key date_generated -value "2018-04-01 14:35:41" -context "software_version_and_target_device"
# webtalk_add_data -client project -key product_version -value "SDK v2017.4" -context "software_version_and_target_device"
# webtalk_add_data -client project -key build_version -value "2017.4" -context "software_version_and_target_device"
# webtalk_add_data -client project -key os_platform -value "amd64" -context "software_version_and_target_device"
# webtalk_add_data -client project -key registration_id -value "210727995_1777512417_210616669_940" -context "software_version_and_target_device"
# webtalk_add_data -client project -key tool_flow -value "SDK" -context "software_version_and_target_device"
# webtalk_add_data -client project -key beta -value "false" -context "software_version_and_target_device"
# webtalk_add_data -client project -key route_design -value "NA" -context "software_version_and_target_device"
# webtalk_add_data -client project -key target_family -value "NA" -context "software_version_and_target_device"
# webtalk_add_data -client project -key target_device -value "NA" -context "software_version_and_target_device"
# webtalk_add_data -client project -key target_package -value "NA" -context "software_version_and_target_device"
# webtalk_add_data -client project -key target_speed -value "NA" -context "software_version_and_target_device"
# webtalk_add_data -client project -key random_id -value "lbunf63lkmia14hcsae0njf49q" -context "software_version_and_target_device"
# webtalk_add_data -client project -key project_id -value "2017.4_2" -context "software_version_and_target_device"
# webtalk_add_data -client project -key project_iteration -value "2" -context "software_version_and_target_device"
# webtalk_add_data -client project -key os_name -value "Ubuntu" -context "user_environment"
# webtalk_add_data -client project -key os_release -value "Ubuntu 16.04.4 LTS" -context "user_environment"
# webtalk_add_data -client project -key cpu_name -value "Intel(R) Core(TM) i7-4790K CPU @ 4.00GHz" -context "user_environment"
# webtalk_add_data -client project -key cpu_speed -value "4000.073 MHz" -context "user_environment"
# webtalk_add_data -client project -key total_processors -value "1" -context "user_environment"
# webtalk_add_data -client project -key system_ram -value "11,542 GB" -context "user_environment"
# webtalk_register_client -client sdk
# webtalk_add_data -client sdk -key uid -value "1522584457000" -context "sdk\\\\bsp/1522584457000"
# webtalk_add_data -client sdk -key hwid -value "1522499485000" -context "sdk\\\\bsp/1522584457000"
# webtalk_add_data -client sdk -key os -value "device_tree" -context "sdk\\\\bsp/1522584457000"
# webtalk_add_data -client sdk -key apptemplate -value "null" -context "sdk\\\\bsp/1522584457000"
# webtalk_add_data -client sdk -key RecordType -value "BSPCreation" -context "sdk\\\\bsp/1522584457000"
# webtalk_add_data -client sdk -key uid -value "NA" -context "sdk\\\\bsp/1522586141289"
# webtalk_add_data -client sdk -key RecordType -value "ToolUsage" -context "sdk\\\\bsp/1522586141289"
# webtalk_add_data -client sdk -key BootgenCount -value "0" -context "sdk\\\\bsp/1522586141289"
# webtalk_add_data -client sdk -key DebugCount -value "0" -context "sdk\\\\bsp/1522586141289"
# webtalk_add_data -client sdk -key PerfCount -value "0" -context "sdk\\\\bsp/1522586141289"
# webtalk_add_data -client sdk -key FlashCount -value "0" -context "sdk\\\\bsp/1522586141289"
# webtalk_add_data -client sdk -key CrossTriggCount -value "0" -context "sdk\\\\bsp/1522586141289"
# webtalk_add_data -client sdk -key QemuDebugCount -value "0" -context "sdk\\\\bsp/1522586141289"
# webtalk_transmit -clientid 27470704 -regid "210727995_1777512417_210616669_940" -xml /home/daniel/Schreibtisch/Git/Zybo-Linux/Vivado/ZyboLinux/ZyboLinux.sdk/webtalk/usage_statistics_ext_sdk.xml -html /home/daniel/Schreibtisch/Git/Zybo-Linux/Vivado/ZyboLinux/ZyboLinux.sdk/webtalk/usage_statistics_ext_sdk.html -wdm /home/daniel/Schreibtisch/Git/Zybo-Linux/Vivado/ZyboLinux/ZyboLinux.sdk/webtalk/sdk_webtalk.wdm -intro "<H3>SDK Usage Report</H3><BR>"
# webtalk_terminate
INFO: [Common 17-206] Exiting Webtalk at Sun Apr  1 14:35:42 2018...
