#-----------------------------------------------------------
# Webtalk v2017.4 (64-bit)
# SW Build 2086221 on Fri Dec 15 20:54:30 MST 2017
# 
# Start of session at: Sat Mar 31 15:32:07 2018
# Process ID: 24992
# Current directory: /home/daniel/Schreibtisch/Git/Zybo-Linux/Vivado/ZyboLinux/ZyboLinux.sdk/webtalk
# Command line: wbtcv -mode batch -source sdk_webtalk.tcl
# Log file: /home/daniel/Schreibtisch/Git/Zybo-Linux/Vivado/ZyboLinux/ZyboLinux.sdk/webtalk/webtalk.log
# Journal file: /home/daniel/Schreibtisch/Git/Zybo-Linux/Vivado/ZyboLinux/ZyboLinux.sdk/webtalk/webtalk.jou
#-----------------------------------------------------------
source sdk_webtalk.tcl
# webtalk_init -webtalk_dir /home/daniel/Schreibtisch/Git/Zybo-Linux/Vivado/ZyboLinux/ZyboLinux.sdk/webtalk
# webtalk_register_client -client project
# webtalk_add_data -client project -key date_generated -value "2018-03-31 15:32:05" -context "software_version_and_target_device"
# webtalk_add_data -client project -key product_version -value "SDK v2017.4" -context "software_version_and_target_device"
# webtalk_add_data -client project -key build_version -value "2017.4" -context "software_version_and_target_device"
# webtalk_add_data -client project -key os_platform -value "amd64" -context "software_version_and_target_device"
# webtalk_add_data -client project -key registration_id -value "210727995_1777512417_210616669_940" -context "software_version_and_target_device"
# webtalk_add_data -client project -key tool_flow -value "SDK" -context "software_version_and_target_device"
# webtalk_add_data -client project -key beta -value "false" -context "software_version_and_target_device"
# webtalk_add_data -client project -key route_design -value "NA" -context "software_version_and_target_device"
# webtalk_add_data -client project -key target_family -value "NA" -context "software_version_and_target_device"
# webtalk_add_data -client project -key target_device -value "NA" -context "software_version_and_target_device"
# webtalk_add_data -client project -key target_package -value "NA" -context "software_version_and_target_device"
# webtalk_add_data -client project -key target_speed -value "NA" -context "software_version_and_target_device"
# webtalk_add_data -client project -key random_id -value "elq061g2mrvjpg4305gnlrgun4" -context "software_version_and_target_device"
# webtalk_add_data -client project -key project_id -value "2017.4_1" -context "software_version_and_target_device"
# webtalk_add_data -client project -key project_iteration -value "1" -context "software_version_and_target_device"
# webtalk_add_data -client project -key os_name -value "Ubuntu" -context "user_environment"
# webtalk_add_data -client project -key os_release -value "Ubuntu 16.04.4 LTS" -context "user_environment"
# webtalk_add_data -client project -key cpu_name -value "Intel(R) Core(TM) i7-4790K CPU @ 4.00GHz" -context "user_environment"
# webtalk_add_data -client project -key cpu_speed -value "3999.737 MHz" -context "user_environment"
# webtalk_add_data -client project -key total_processors -value "1" -context "user_environment"
# webtalk_add_data -client project -key system_ram -value "11,542 GB" -context "user_environment"
# webtalk_register_client -client sdk
# webtalk_add_data -client sdk -key uid -value "1522499485000" -context "sdk\\\\hardware/1522499485000"
# webtalk_add_data -client sdk -key isZynq -value "true" -context "sdk\\\\hardware/1522499485000"
# webtalk_add_data -client sdk -key isZynqMP -value "false" -context "sdk\\\\hardware/1522499485000"
# webtalk_add_data -client sdk -key Processors -value "2" -context "sdk\\\\hardware/1522499485000"
# webtalk_add_data -client sdk -key VivadoVersion -value "2017.4" -context "sdk\\\\hardware/1522499485000"
# webtalk_add_data -client sdk -key Arch -value "zynq" -context "sdk\\\\hardware/1522499485000"
# webtalk_add_data -client sdk -key Device -value "7z010" -context "sdk\\\\hardware/1522499485000"
# webtalk_add_data -client sdk -key IsHandoff -value "true" -context "sdk\\\\hardware/1522499485000"
# webtalk_add_data -client sdk -key os -value "NA" -context "sdk\\\\hardware/1522499485000"
# webtalk_add_data -client sdk -key apptemplate -value "NA" -context "sdk\\\\hardware/1522499485000"
# webtalk_add_data -client sdk -key RecordType -value "HWCreation" -context "sdk\\\\hardware/1522499485000"
# webtalk_add_data -client sdk -key uid -value "1522500698000" -context "sdk\\\\bsp/1522500698000"
# webtalk_add_data -client sdk -key hwid -value "1522499485000" -context "sdk\\\\bsp/1522500698000"
# webtalk_add_data -client sdk -key os -value "standalone" -context "sdk\\\\bsp/1522500698000"
# webtalk_add_data -client sdk -key apptemplate -value "zynq_fsbl" -context "sdk\\\\bsp/1522500698000"
# webtalk_add_data -client sdk -key RecordType -value "BSPCreation" -context "sdk\\\\bsp/1522500698000"
# webtalk_add_data -client sdk -key uid -value "1522500729000" -context "sdk\\\\application/1522500729000"
# webtalk_add_data -client sdk -key hwid -value "1522499485000" -context "sdk\\\\application/1522500729000"
# webtalk_add_data -client sdk -key bspid -value "1522500698000" -context "sdk\\\\application/1522500729000"
# webtalk_add_data -client sdk -key newbsp -value "true" -context "sdk\\\\application/1522500729000"
# webtalk_add_data -client sdk -key os -value "standalone" -context "sdk\\\\application/1522500729000"
# webtalk_add_data -client sdk -key apptemplate -value "zynq_fsbl" -context "sdk\\\\application/1522500729000"
# webtalk_add_data -client sdk -key RecordType -value "APPCreation" -context "sdk\\\\application/1522500729000"
# webtalk_add_data -client sdk -key LangUsed -value "C" -context "sdk\\\\application/1522500729000"
# webtalk_add_data -client sdk -key Procused -value "ps7_cortexa9" -context "sdk\\\\application/1522500729000"
# webtalk_add_data -client sdk -key projSize -value "339.796875" -context "sdk\\\\application/1522500729000"
# webtalk_add_data -client sdk -key uid -value "1522500915000" -context "sdk\\\\bsp/1522500915000"
# webtalk_add_data -client sdk -key hwid -value "1522499485000" -context "sdk\\\\bsp/1522500915000"
# webtalk_add_data -client sdk -key os -value "device_tree" -context "sdk\\\\bsp/1522500915000"
# webtalk_add_data -client sdk -key apptemplate -value "null" -context "sdk\\\\bsp/1522500915000"
# webtalk_add_data -client sdk -key RecordType -value "BSPCreation" -context "sdk\\\\bsp/1522500915000"
# webtalk_add_data -client sdk -key uid -value "NA" -context "sdk\\\\bsp/1522503125716"
# webtalk_add_data -client sdk -key RecordType -value "ToolUsage" -context "sdk\\\\bsp/1522503125716"
# webtalk_add_data -client sdk -key BootgenCount -value "0" -context "sdk\\\\bsp/1522503125716"
# webtalk_add_data -client sdk -key DebugCount -value "0" -context "sdk\\\\bsp/1522503125716"
# webtalk_add_data -client sdk -key PerfCount -value "0" -context "sdk\\\\bsp/1522503125716"
# webtalk_add_data -client sdk -key FlashCount -value "0" -context "sdk\\\\bsp/1522503125716"
# webtalk_add_data -client sdk -key CrossTriggCount -value "0" -context "sdk\\\\bsp/1522503125716"
# webtalk_add_data -client sdk -key QemuDebugCount -value "0" -context "sdk\\\\bsp/1522503125716"
# webtalk_transmit -clientid 1842720377 -regid "210727995_1777512417_210616669_940" -xml /home/daniel/Schreibtisch/Git/Zybo-Linux/Vivado/ZyboLinux/ZyboLinux.sdk/webtalk/usage_statistics_ext_sdk.xml -html /home/daniel/Schreibtisch/Git/Zybo-Linux/Vivado/ZyboLinux/ZyboLinux.sdk/webtalk/usage_statistics_ext_sdk.html -wdm /home/daniel/Schreibtisch/Git/Zybo-Linux/Vivado/ZyboLinux/ZyboLinux.sdk/webtalk/sdk_webtalk.wdm -intro "<H3>SDK Usage Report</H3><BR>"
# webtalk_terminate
INFO: [Common 17-206] Exiting Webtalk at Sat Mar 31 15:32:07 2018...
