Copyright 1986-2019 Xilinx, Inc. All Rights Reserved.
--------------------------------------------------------------------------------------
| Tool Version : Vivado v.2019.1.1 (lin64) Build 2580384 Sat Jun 29 08:04:45 MDT 2019
| Date         : Fri Nov  1 21:23:03 2019
| Host         : DevVM running 64-bit Ubuntu 16.04.6 LTS
| Command      : upgrade_ip
| Device       : xc7z010clg400-1
--------------------------------------------------------------------------------------

Upgrade Log for IP 'ProcessingSystem_xlconcat_0_0'

1. Summary
----------

SUCCESS in the upgrade of ProcessingSystem_xlconcat_0_0 (xilinx.com:ip:xlconcat:2.1) from (Rev. 1) to (Rev. 3)






Copyright 1986-2019 Xilinx, Inc. All Rights Reserved.
--------------------------------------------------------------------------------------
| Tool Version : Vivado v.2019.1.1 (lin64) Build 2580384 Sat Jun 29 08:04:45 MDT 2019
| Date         : Fri Nov  1 21:23:02 2019
| Host         : DevVM running 64-bit Ubuntu 16.04.6 LTS
| Command      : upgrade_ip
| Device       : xc7z010clg400-1
--------------------------------------------------------------------------------------

Upgrade Log for IP 'ProcessingSystem_xadc_wiz_0_0'

1. Summary
----------

SUCCESS in the upgrade of ProcessingSystem_xadc_wiz_0_0 (xilinx.com:ip:xadc_wiz:3.3) from (Rev. 5) to (Rev. 6)






Copyright 1986-2019 Xilinx, Inc. All Rights Reserved.
--------------------------------------------------------------------------------------
| Tool Version : Vivado v.2019.1.1 (lin64) Build 2580384 Sat Jun 29 08:04:45 MDT 2019
| Date         : Fri Nov  1 21:23:02 2019
| Host         : DevVM running 64-bit Ubuntu 16.04.6 LTS
| Command      : upgrade_ip
| Device       : xc7z010clg400-1
--------------------------------------------------------------------------------------

Upgrade Log for IP 'ProcessingSystem_rst_ps7_0_100M_0'

1. Summary
----------

SUCCESS in the upgrade of ProcessingSystem_rst_ps7_0_100M_0 (xilinx.com:ip:proc_sys_reset:5.0) from (Rev. 12) to (Rev. 13)






Copyright 1986-2019 Xilinx, Inc. All Rights Reserved.
--------------------------------------------------------------------------------------
| Tool Version : Vivado v.2019.1.1 (lin64) Build 2580384 Sat Jun 29 08:04:45 MDT 2019
| Date         : Fri Nov  1 21:23:02 2019
| Host         : DevVM running 64-bit Ubuntu 16.04.6 LTS
| Command      : upgrade_ip
| Device       : xc7z010clg400-1
--------------------------------------------------------------------------------------

Upgrade Log for IP 'ProcessingSystem_ps7_0_axi_periph_0'

1. Summary
----------

SUCCESS in the upgrade of ProcessingSystem_ps7_0_axi_periph_0 (xilinx.com:ip:axi_interconnect:2.1) from (Rev. 18) to (Rev. 20)






Copyright 1986-2019 Xilinx, Inc. All Rights Reserved.
--------------------------------------------------------------------------------------
| Tool Version : Vivado v.2019.1.1 (lin64) Build 2580384 Sat Jun 29 08:04:45 MDT 2019
| Date         : Fri Nov  1 21:23:02 2019
| Host         : DevVM running 64-bit Ubuntu 16.04.6 LTS
| Command      : upgrade_ip
| Device       : xc7z010clg400-1
--------------------------------------------------------------------------------------

Upgrade Log for IP 'ProcessingSystem_axi_gpio_1_0'

1. Summary
----------

SUCCESS in the upgrade of ProcessingSystem_axi_gpio_1_0 (xilinx.com:ip:axi_gpio:2.0) from (Rev. 19) to (Rev. 21)






Copyright 1986-2019 Xilinx, Inc. All Rights Reserved.
--------------------------------------------------------------------------------------
| Tool Version : Vivado v.2019.1.1 (lin64) Build 2580384 Sat Jun 29 08:04:45 MDT 2019
| Date         : Fri Nov  1 21:23:01 2019
| Host         : DevVM running 64-bit Ubuntu 16.04.6 LTS
| Command      : upgrade_ip
| Device       : xc7z010clg400-1
--------------------------------------------------------------------------------------

Upgrade Log for IP 'ProcessingSystem_axi_gpio_0_0'

1. Summary
----------

SUCCESS in the upgrade of ProcessingSystem_axi_gpio_0_0 (xilinx.com:ip:axi_gpio:2.0) from (Rev. 19) to (Rev. 21)






Copyright 1986-2018 Xilinx, Inc. All Rights Reserved.
------------------------------------------------------------------------------------
| Tool Version : Vivado v.2018.2 (lin64) Build 2258646 Thu Jun 14 20:02:38 MDT 2018
| Date         : Sat Jan 26 13:08:26 2019
| Host         : DevVM running 64-bit Ubuntu 16.04.5 LTS
| Command      : upgrade_ip
| Device       : xc7z010clg400-1
------------------------------------------------------------------------------------

Upgrade Log for IP 'ProcessingSystem_AXI_Segment_0_0'

1. Summary
----------

SUCCESS in the upgrade of ProcessingSystem_AXI_Segment_0_0 (www.kampis-elektroecke.de:Kampis-Elektroecke:AXI_Segment:1.1) from (Rev. 2) to (Rev. 3)

