21:40:04 INFO  : Registering command handlers for SDK TCF services
21:40:05 INFO  : Launching XSCT server: xsct -n -interactive /home/daniel/Schreibtisch/Git/Zybo-Linux/Vivado/ZyboLinux/ZyboLinux.sdk/temp_xsdb_launch_script.tcl
21:40:06 INFO  : XSCT server has started successfully.
21:40:06 INFO  : Successfully done setting XSCT server connection channel  
21:40:06 INFO  : Successfully done setting SDK workspace  
21:40:06 INFO  : Restoring local repository preferences: 
		 /home/daniel/Schreibtisch/Git/Zybo-Linux/DeviceTree/device-tree-xlnx
21:40:06 INFO  : Processing command line option -hwspec /home/daniel/Schreibtisch/Git/Zybo-Linux/Vivado/ZyboLinux/ZyboLinux.sdk/ProcessingSystem_wrapper.hdf.
21:40:41 INFO  : Registering command handlers for SDK TCF services
21:40:42 INFO  : Launching XSCT server: xsct -n -interactive /home/daniel/Schreibtisch/Git/Zybo-Linux/Vivado/ZyboLinux/ZyboLinux.sdk/temp_xsdb_launch_script.tcl
21:40:43 INFO  : XSCT server has started successfully.
21:40:43 INFO  : Successfully done setting XSCT server connection channel  
21:40:43 INFO  : Successfully done setting SDK workspace  
21:40:43 INFO  : Restoring local repository preferences: 
		 /home/daniel/Schreibtisch/Git/Zybo-Linux/DeviceTree/device-tree-xlnx
21:40:43 INFO  : Processing command line option -hwspec /home/daniel/Schreibtisch/Git/Zybo-Linux/Vivado/ZyboLinux/ZyboLinux.sdk/ProcessingSystem_wrapper.hdf.
21:51:32 INFO  : Launching XSCT server: xsct -n -interactive /home/daniel/Schreibtisch/Git/Zybo-Linux/Vivado/ZyboLinux/ZyboLinux.sdk/temp_xsdb_launch_script.tcl
21:51:33 INFO  : XSCT server has started successfully.
21:51:33 INFO  : Successfully done setting XSCT server connection channel  
21:51:33 INFO  : Successfully done setting SDK workspace  
21:51:33 INFO  : Restoring local repository preferences: 
		 /home/daniel/Schreibtisch/Git/Zybo-Linux/DeviceTree/device-tree-xlnx
21:51:37 INFO  : Registering command handlers for SDK TCF services
21:51:37 INFO  : Processing command line option -hwspec /home/daniel/Schreibtisch/Git/Zybo-Linux/Vivado/ZyboLinux/ZyboLinux.sdk/ProcessingSystem_wrapper.hdf.
21:51:39 INFO  : Checking for hwspec changes in the project ProcessingSystem_wrapper_hw_platform_0.
21:51:42 INFO  : BSP Project P/device_tree_bsp_0 has been successfully migrated.
11:34:12 INFO  : Launching XSCT server: xsct -n -interactive /home/daniel/Schreibtisch/Git/Zybo-Linux/Vivado/ZyboLinux/ZyboLinux.sdk/temp_xsdb_launch_script.tcl
11:34:19 INFO  : XSCT server has started successfully.
11:34:19 INFO  : Successfully done setting XSCT server connection channel  
11:34:25 INFO  : Successfully done setting SDK workspace  
11:34:25 INFO  : Restoring local repository preferences: 
		 /home/daniel/Schreibtisch/Git/Zybo-Linux/DeviceTree/device-tree-xlnx
11:34:53 INFO  : Registering command handlers for SDK TCF services
11:34:53 INFO  : Processing command line option -hwspec /home/daniel/Schreibtisch/Git/Zybo-Linux/Vivado/ZyboLinux/ZyboLinux.sdk/ProcessingSystem_wrapper.hdf.
11:34:59 INFO  : Checking for hwspec changes in the project ProcessingSystem_wrapper_hw_platform_0.
11:35:00 INFO  : SDK has detected change in the last modified timestamps for source hardware specification file Source:1545734952000,  Project:1525549185000
11:35:00 INFO  : The hardware specification for project 'ProcessingSystem_wrapper_hw_platform_0' is different from /home/daniel/Schreibtisch/Git/Zybo-Linux/Vivado/ZyboLinux/ZyboLinux.sdk/ProcessingSystem_wrapper.hdf.
11:35:37 INFO  : BSP Project P/device_tree_bsp_0 has been successfully migrated.
11:35:38 INFO  : Copied contents of /home/daniel/Schreibtisch/Git/Zybo-Linux/Vivado/ZyboLinux/ZyboLinux.sdk/ProcessingSystem_wrapper.hdf into /ProcessingSystem_wrapper_hw_platform_0/system.hdf.
11:35:50 INFO  : Synchronizing projects in the workspace with the hardware platform specification changes.
11:36:00 INFO  : 
11:36:09 INFO  : 
11:36:10 INFO  : Updating hardware inferred compiler options for FSBL.
11:36:10 INFO  : Clearing existing target manager status.
11:36:28 INFO  : Saving repository preferences.
11:36:59 INFO  : Registering command handlers for SDK TCF services
11:37:01 INFO  : Launching XSCT server: xsct -n -interactive /home/daniel/Schreibtisch/Git/Zybo-Linux/Vivado/ZyboLinux/ZyboLinux.sdk/temp_xsdb_launch_script.tcl
11:37:04 INFO  : XSCT server has started successfully.
11:37:04 INFO  : Successfully done setting XSCT server connection channel  
11:37:04 INFO  : Successfully done setting SDK workspace  
11:37:04 INFO  : Restoring local repository preferences: 
		 /home/daniel/Schreibtisch/Git/Zybo-Linux/DeviceTree/device-tree-xlnx
11:37:04 INFO  : Processing command line option -hwspec /home/daniel/Schreibtisch/Git/Zybo-Linux/Vivado/ZyboLinux/ZyboLinux.sdk/ProcessingSystem_wrapper.hdf.
16:34:59 INFO  : Registering command handlers for SDK TCF services
16:35:02 INFO  : Launching XSCT server: xsct -n -interactive /home/daniel/Schreibtisch/Git/Zybo-Linux/Vivado/ZyboLinux/ZyboLinux.sdk/temp_xsdb_launch_script.tcl
16:35:08 INFO  : XSCT server has started successfully.
16:35:08 INFO  : Successfully done setting XSCT server connection channel  
16:35:08 INFO  : Successfully done setting SDK workspace  
16:35:08 INFO  : Restoring local repository preferences: 
		 /home/daniel/Schreibtisch/Git/Zybo-Linux/DeviceTree/device-tree-xlnx
16:35:09 INFO  : Processing command line option -hwspec /home/daniel/Schreibtisch/Git/Zybo-Linux/Vivado/ZyboLinux/ZyboLinux.sdk/ProcessingSystem_wrapper.hdf.
16:35:09 INFO  : Checking for hwspec changes in the project ProcessingSystem_wrapper_hw_platform_0.
16:35:45 INFO  : BSP Project P/device_tree_bsp_0 has been successfully migrated.
16:47:11 INFO  : Registering command handlers for SDK TCF services
16:47:13 INFO  : Launching XSCT server: xsct -n -interactive /home/daniel/Schreibtisch/Git/Zybo-Linux/Vivado/ZyboLinux/ZyboLinux.sdk/temp_xsdb_launch_script.tcl
16:47:18 INFO  : XSCT server has started successfully.
16:47:18 INFO  : Successfully done setting XSCT server connection channel  
16:47:18 INFO  : Successfully done setting SDK workspace  
16:47:18 INFO  : Restoring local repository preferences: 
		 /home/daniel/Schreibtisch/Git/Zybo-Linux/DeviceTree/device-tree-xlnx
16:47:18 INFO  : Processing command line option -hwspec /home/daniel/Schreibtisch/Git/Zybo-Linux/Vivado/ZyboLinux/ZyboLinux.sdk/ProcessingSystem_wrapper.hdf.
16:47:18 INFO  : Checking for hwspec changes in the project ProcessingSystem_wrapper_hw_platform_0.
16:47:27 INFO  : SDK has detected change in the last modified timestamps for source hardware specification file Source:1547912756000,  Project:1545906286000
16:47:27 INFO  : The hardware specification for project 'ProcessingSystem_wrapper_hw_platform_0' is different from /home/daniel/Schreibtisch/Git/Zybo-Linux/Vivado/ZyboLinux/ZyboLinux.sdk/ProcessingSystem_wrapper.hdf.
16:47:28 INFO  : Copied contents of /home/daniel/Schreibtisch/Git/Zybo-Linux/Vivado/ZyboLinux/ZyboLinux.sdk/ProcessingSystem_wrapper.hdf into /ProcessingSystem_wrapper_hw_platform_0/system.hdf.
16:47:37 INFO  : Synchronizing projects in the workspace with the hardware platform specification changes.
16:47:39 INFO  : 
16:47:47 INFO  : 
16:47:55 INFO  : BSP Project P/device_tree_bsp_0 has been successfully migrated.
16:47:56 INFO  : Updating hardware inferred compiler options for FSBL.
16:47:56 INFO  : Clearing existing target manager status.
16:47:56 INFO  : Workspace synchronized with the new hardware specification file. Cleaning dependent projects...
16:47:58 WARN  : Linker script will not be updated automatically. Users need to update it manually.
15:12:31 INFO  : Registering command handlers for SDK TCF services
15:12:34 INFO  : Launching XSCT server: xsct -n -interactive /home/daniel/Schreibtisch/Git/Zybo-Linux/Vivado/ZyboLinux/ZyboLinux.sdk/temp_xsdb_launch_script.tcl
15:12:40 INFO  : XSCT server has started successfully.
15:12:52 INFO  : Successfully done setting XSCT server connection channel  
15:12:52 INFO  : Successfully done setting SDK workspace  
15:12:52 INFO  : Restoring local repository preferences: 
		 /home/daniel/Schreibtisch/Git/Zybo-Linux/DeviceTree/device-tree-xlnx
15:12:53 INFO  : Processing command line option -hwspec /home/daniel/Schreibtisch/Git/Zybo-Linux/Vivado/ZyboLinux/ZyboLinux.sdk/ProcessingSystem_wrapper.hdf.
15:12:53 INFO  : Checking for hwspec changes in the project ProcessingSystem_wrapper_hw_platform_0.
15:13:06 INFO  : SDK has detected change in the last modified timestamps for source hardware specification file Source:1547993491000,  Project:1547912756000
15:13:06 INFO  : The hardware specification for project 'ProcessingSystem_wrapper_hw_platform_0' is different from /home/daniel/Schreibtisch/Git/Zybo-Linux/Vivado/ZyboLinux/ZyboLinux.sdk/ProcessingSystem_wrapper.hdf.
15:13:06 INFO  : Copied contents of /home/daniel/Schreibtisch/Git/Zybo-Linux/Vivado/ZyboLinux/ZyboLinux.sdk/ProcessingSystem_wrapper.hdf into /ProcessingSystem_wrapper_hw_platform_0/system.hdf.
15:13:20 INFO  : BSP Project P/device_tree_bsp_0 has been successfully migrated.
15:13:26 INFO  : Synchronizing projects in the workspace with the hardware platform specification changes.
15:13:32 INFO  : 
15:13:40 INFO  : 
15:13:41 INFO  : Updating hardware inferred compiler options for FSBL.
15:13:42 INFO  : Clearing existing target manager status.
18:49:55 INFO  : Registering command handlers for SDK TCF services
18:49:57 INFO  : Launching XSCT server: xsct -n -interactive /home/daniel/Schreibtisch/Git/Zybo-Linux/Vivado/ZyboLinux/ZyboLinux.sdk/temp_xsdb_launch_script.tcl
18:50:00 INFO  : XSCT server has started successfully.
18:50:01 INFO  : Successfully done setting XSCT server connection channel  
18:50:01 INFO  : Successfully done setting SDK workspace  
18:50:01 INFO  : Restoring local repository preferences: 
		 /home/daniel/Schreibtisch/Git/Zybo-Linux/DeviceTree/device-tree-xlnx
18:50:01 INFO  : Processing command line option -hwspec /home/daniel/Schreibtisch/Git/Zybo-Linux/Vivado/ZyboLinux/ZyboLinux.sdk/ProcessingSystem_wrapper.hdf.
18:50:01 INFO  : Checking for hwspec changes in the project ProcessingSystem_wrapper_hw_platform_0.
18:50:11 INFO  : SDK has detected change in the last modified timestamps for source hardware specification file Source:1548006553000,  Project:1547993491000
18:50:11 INFO  : The hardware specification for project 'ProcessingSystem_wrapper_hw_platform_0' is different from /home/daniel/Schreibtisch/Git/Zybo-Linux/Vivado/ZyboLinux/ZyboLinux.sdk/ProcessingSystem_wrapper.hdf.
18:50:12 INFO  : Copied contents of /home/daniel/Schreibtisch/Git/Zybo-Linux/Vivado/ZyboLinux/ZyboLinux.sdk/ProcessingSystem_wrapper.hdf into /ProcessingSystem_wrapper_hw_platform_0/system.hdf.
18:50:21 INFO  : Synchronizing projects in the workspace with the hardware platform specification changes.
18:50:23 INFO  : 
18:50:32 INFO  : 
18:50:40 INFO  : BSP Project P/device_tree_bsp_0 has been successfully migrated.
18:50:41 INFO  : Updating hardware inferred compiler options for FSBL.
18:50:42 INFO  : Clearing existing target manager status.
18:50:42 INFO  : Workspace synchronized with the new hardware specification file. Cleaning dependent projects...
18:50:44 WARN  : Linker script will not be updated automatically. Users need to update it manually.
19:37:47 INFO  : Registering command handlers for SDK TCF services
19:37:49 INFO  : Launching XSCT server: xsct -n -interactive /home/daniel/Schreibtisch/Git/Zybo-Linux/Vivado/ZyboLinux/ZyboLinux.sdk/temp_xsdb_launch_script.tcl
19:37:53 INFO  : XSCT server has started successfully.
19:37:53 INFO  : Successfully done setting XSCT server connection channel  
19:37:53 INFO  : Successfully done setting SDK workspace  
19:37:53 INFO  : Restoring local repository preferences: 
		 /home/daniel/Schreibtisch/Git/Zybo-Linux/DeviceTree/device-tree-xlnx
19:37:53 INFO  : Processing command line option -hwspec /home/daniel/Schreibtisch/Git/Zybo-Linux/Vivado/ZyboLinux/ZyboLinux.sdk/ProcessingSystem_wrapper.hdf.
19:37:53 INFO  : Checking for hwspec changes in the project ProcessingSystem_wrapper_hw_platform_0.
19:38:09 INFO  : BSP Project P/device_tree_bsp_0 has been successfully migrated.
14:48:45 INFO  : Registering command handlers for SDK TCF services
14:48:50 INFO  : Launching XSCT server: xsct -n -interactive /home/daniel/Schreibtisch/Git/Zybo-Linux/Vivado/ZyboLinux/ZyboLinux.sdk/temp_xsdb_launch_script.tcl
14:48:58 INFO  : XSCT server has started successfully.
14:48:58 INFO  : Successfully done setting XSCT server connection channel  
14:49:01 INFO  : Successfully done setting SDK workspace  
14:49:01 INFO  : Restoring local repository preferences: 
		 /home/daniel/Schreibtisch/Git/Zybo-Linux/DeviceTree/device-tree-xlnx
14:49:02 INFO  : Processing command line option -hwspec /home/daniel/Schreibtisch/Git/Zybo-Linux/Vivado/ZyboLinux/ZyboLinux.sdk/ProcessingSystem_wrapper.hdf.
14:49:02 INFO  : Checking for hwspec changes in the project ProcessingSystem_wrapper_hw_platform_0.
14:49:15 ERROR : (XSDB Server)ERROR: [Hsi 55-1597] SwCore ddrcps is not found in Repositories
ERROR: [Hsi 55-1594] Core ddrcps of version  not found in repositories

14:49:15 ERROR : (XSDB Server)ERROR: [Hsi 55-1597] SwCore globaltimerps is not found in Repositories
ERROR: [Hsi 55-1594] Core globaltimerps of version  not found in repositories
ERROR: [Hsi 55-1597] SwCore ocmcps is not found in Repositories
ERROR: [Hsi 55-1594] Core ocmcps of version  not found in repositories
ERROR: [Hsi 55-1597] SwCore pl310ps is not found in Repositories
ERROR: [Hsi 55-1594] Core pl310ps of version  not found in repositories
ERROR: [Hsi 55-1597] SwCore pmups is not found in Repositories
ERROR: [Hsi 55-1594] Core pmups of version  not found in repositories
ERROR: [Hsi 55-1597] SwCore ramps is not found in Repositories
ERROR: [Hsi 55-1594] Core ramps of version  not found in repositories

14:49:15 ERROR : (XSDB Server)ERROR: [Hsi 55-1597] SwCore slcrps is not found in Repositories
ERROR: [Hsi 55-1594] Core slcrps of version  not found in repositories

14:49:15 ERROR : (XSDB Server)ERROR: [Hsi 55-1597] SwCore axi_xadc is not found in Repositories

14:49:15 ERROR : (XSDB Server)ERROR: [Hsi 55-1594] Core axi_xadc of version  not found in repositories

14:49:15 ERROR : (XSDB Server)ERROR: [Hsi 55-1597] SwCore device_tree is not found in Repositories

14:49:15 ERROR : (XSDB Server)ERROR: [Hsi 55-1594] Core device_tree of version  not found in repositories

14:49:16 ERROR : (XSDB Server)ERROR: [Hsi 55-1452] Error: running open_sw_design.

14:49:16 ERROR :  [Common 17-39] 'hsi::open_sw_design' failed due to earlier errors.
14:49:16 ERROR : (XSDB Server)ERROR: [Hsi 55-1597] SwCore ddrcps is not found in Repositories
ERROR: [Hsi 55-1594] Core ddrcps of version  not found in repositories
ERROR: [Hsi 55-1597] SwCore globaltimerps is not found in Repositories
ERROR: [Hsi 55-1594] Core globaltimerps of version  not found in repositories
ERROR: [Hsi 55-1597] SwCore ocmcps is not found in Repositories
ERROR: [Hsi 55-1594] Core ocmcps of version  not found in repositories
ERROR: [Hsi 55-1597] SwCore pl310ps is not found in Repositories
ERROR: [Hsi 55-1594] Core pl310ps of version  not found in repositories
ERROR: [Hsi 55-1597] SwCore pmups is not found in Repositories
ERROR: [Hsi 55-1594] Core pmups of version  not found in repositories
ERROR: [Hsi 55-1597] SwCore ramps is not found in Repositories
ERROR: [Hsi 55-1594] Core ramps of version  not found in repositories
ERROR: [Hsi 55-1597] SwCore slcrps is not found in Repositories
ERROR: [Hsi 55-1594] Core slcrps of version  not found in repositories
ERROR: [Hsi 55-1597] SwCore axi_xadc is not found in Repositories
ERROR: [Hsi 55-1594] Core axi_xadc of version  not found in repositories
ERROR: [Hsi 55-1597] SwCore device_tree is not found in Repositories
ERROR: [Hsi 55-1594] Core device_tree of version  not found in repositories
ERROR: [Hsi 55-1452] Error: running open_sw_design.

14:49:16 INFO  : Unable to read in MSS file /home/daniel/Schreibtisch/Git/Zybo-Linux/Vivado/ZyboLinux/ZyboLinux.sdk/device_tree_bsp_0/system.mss : null
14:49:16 ERROR : (XSDB Server)ERROR: [Hsi 55-1597] SwCore ddrcps is not found in Repositories

14:49:16 ERROR : (XSDB Server)ERROR: [Hsi 55-1594] Core ddrcps of version  not found in repositories
ERROR: [Hsi 55-1597] SwCore globaltimerps is not found in Repositories
ERROR: [Hsi 55-1594] Core globaltimerps of version  not found in repositories

14:49:16 ERROR : (XSDB Server)ERROR: [Hsi 55-1597] SwCore ocmcps is not found in Repositories

14:49:16 ERROR : (XSDB Server)ERROR: [Hsi 55-1594] Core ocmcps of version  not found in repositories

14:49:16 ERROR : (XSDB Server)ERROR: [Hsi 55-1597] SwCore pl310ps is not found in Repositories

14:49:16 ERROR : (XSDB Server)ERROR: [Hsi 55-1594] Core pl310ps of version  not found in repositories
ERROR: [Hsi 55-1597] SwCore pmups is not found in Repositories

14:49:16 ERROR : (XSDB Server)ERROR: [Hsi 55-1594] Core pmups of version  not found in repositories

14:49:16 ERROR : (XSDB Server)ERROR: [Hsi 55-1597] SwCore ramps is not found in Repositories

14:49:16 ERROR : (XSDB Server)ERROR: [Hsi 55-1594] Core ramps of version  not found in repositories

14:49:16 ERROR : (XSDB Server)ERROR: [Hsi 55-1597] SwCore slcrps is not found in Repositories

14:49:16 ERROR : (XSDB Server)ERROR: [Hsi 55-1594] Core slcrps of version  not found in repositories

14:49:16 ERROR : (XSDB Server)ERROR: [Hsi 55-1597] SwCore axi_xadc is not found in Repositories

14:49:16 ERROR : (XSDB Server)ERROR: [Hsi 55-1594] Core axi_xadc of version  not found in repositories

14:49:16 ERROR : (XSDB Server)ERROR: [Hsi 55-1597] SwCore device_tree is not found in Repositories

14:49:16 ERROR : (XSDB Server)ERROR: [Hsi 55-1594] Core device_tree of version  not found in repositories

14:49:16 ERROR : (XSDB Server)ERROR: [Hsi 55-1452] Error: running open_sw_design.

14:49:16 ERROR : Failed in generating sources
14:49:16 INFO  : BSP Project P/device_tree_bsp_0 has been successfully migrated.
14:50:02 ERROR : (XSDB Server)ERROR: [Hsi 55-1597] SwCore ddrcps is not found in Repositories

14:50:02 ERROR : (XSDB Server)ERROR: [Hsi 55-1594] Core ddrcps of version  not found in repositories
ERROR: [Hsi 55-1597] SwCore globaltimerps is not found in Repositories
ERROR: [Hsi 55-1594] Core globaltimerps of version  not found in repositories
ERROR: [Hsi 55-1597] SwCore ocmcps is not found in Repositories
ERROR: [Hsi 55-1594] Core ocmcps of version  not found in repositories
ERROR: [Hsi 55-1597] SwCore pl310ps is not found in Repositories

14:50:02 ERROR : (XSDB Server)ERROR: [Hsi 55-1594] Core pl310ps of version  not found in repositories
ERROR: [Hsi 55-1597] SwCore pmups is not found in Repositories

14:50:02 ERROR : (XSDB Server)ERROR: [Hsi 55-1594] Core pmups of version  not found in repositories

14:50:02 ERROR : (XSDB Server)ERROR: [Hsi 55-1597] SwCore ramps is not found in Repositories
ERROR: [Hsi 55-1594] Core ramps of version  not found in repositories

14:50:02 ERROR : (XSDB Server)ERROR: [Hsi 55-1597] SwCore slcrps is not found in Repositories

14:50:02 ERROR : (XSDB Server)ERROR: [Hsi 55-1594] Core slcrps of version  not found in repositories

14:50:02 ERROR : (XSDB Server)ERROR: [Hsi 55-1597] SwCore axi_xadc is not found in Repositories

14:50:02 ERROR : (XSDB Server)ERROR: [Hsi 55-1594] Core axi_xadc of version  not found in repositories

14:50:02 ERROR : (XSDB Server)ERROR: [Hsi 55-1597] SwCore device_tree is not found in Repositories

14:50:02 ERROR : (XSDB Server)ERROR: [Hsi 55-1594] Core device_tree of version  not found in repositories

14:50:02 ERROR : (XSDB Server)ERROR: [Hsi 55-1452] Error: running open_sw_design.

14:50:02 ERROR :  [Common 17-39] 'hsi::open_sw_design' failed due to earlier errors.
14:50:02 ERROR : (XSDB Server)ERROR: [Hsi 55-1597] SwCore ddrcps is not found in Repositories
ERROR: [Hsi 55-1594] Core ddrcps of version  not found in repositories

14:50:02 ERROR : (XSDB Server)ERROR: [Hsi 55-1597] SwCore globaltimerps is not found in Repositories

14:50:02 ERROR : (XSDB Server)ERROR: [Hsi 55-1594] Core globaltimerps of version  not found in repositories

14:50:02 ERROR : (XSDB Server)ERROR: [Hsi 55-1597] SwCore ocmcps is not found in Repositories

14:50:02 ERROR : (XSDB Server)ERROR: [Hsi 55-1594] Core ocmcps of version  not found in repositories

14:50:02 ERROR : (XSDB Server)ERROR: [Hsi 55-1597] SwCore pl310ps is not found in Repositories

14:50:02 ERROR : (XSDB Server)ERROR: [Hsi 55-1594] Core pl310ps of version  not found in repositories

14:50:02 ERROR : (XSDB Server)ERROR: [Hsi 55-1597] SwCore pmups is not found in Repositories

14:50:02 ERROR : (XSDB Server)ERROR: [Hsi 55-1594] Core pmups of version  not found in repositories
ERROR: [Hsi 55-1597] SwCore ramps is not found in Repositories

14:50:02 ERROR : (XSDB Server)ERROR: [Hsi 55-1594] Core ramps of version  not found in repositories

14:50:02 ERROR : (XSDB Server)ERROR: [Hsi 55-1597] SwCore slcrps is not found in Repositories

14:50:02 ERROR : (XSDB Server)ERROR: [Hsi 55-1594] Core slcrps of version  not found in repositories

14:50:02 ERROR : (XSDB Server)ERROR: [Hsi 55-1597] SwCore axi_xadc is not found in Repositories

14:50:02 ERROR : (XSDB Server)ERROR: [Hsi 55-1594] Core axi_xadc of version  not found in repositories
ERROR: [Hsi 55-1597] SwCore device_tree is not found in Repositories

14:50:02 ERROR : (XSDB Server)ERROR: [Hsi 55-1594] Core device_tree of version  not found in repositories

14:50:02 ERROR : (XSDB Server)ERROR: [Hsi 55-1452] Error: running open_sw_design.

14:50:02 INFO  : Unable to read in MSS file /home/daniel/Schreibtisch/Git/Zybo-Linux/Vivado/ZyboLinux/ZyboLinux.sdk/device_tree_bsp_0/system.mss : null
14:50:02 ERROR : (XSDB Server)ERROR: [Hsi 55-1597] SwCore ddrcps is not found in Repositories

14:50:02 ERROR : (XSDB Server)ERROR: [Hsi 55-1594] Core ddrcps of version  not found in repositories

14:50:02 ERROR : (XSDB Server)ERROR: [Hsi 55-1597] SwCore globaltimerps is not found in Repositories
ERROR: [Hsi 55-1594] Core globaltimerps of version  not found in repositories

14:50:02 ERROR : (XSDB Server)ERROR: [Hsi 55-1597] SwCore ocmcps is not found in Repositories
ERROR: [Hsi 55-1594] Core ocmcps of version  not found in repositories

14:50:02 ERROR : (XSDB Server)ERROR: [Hsi 55-1597] SwCore pl310ps is not found in Repositories

14:50:02 ERROR : (XSDB Server)ERROR: [Hsi 55-1594] Core pl310ps of version  not found in repositories

14:50:02 ERROR : (XSDB Server)ERROR: [Hsi 55-1597] SwCore pmups is not found in Repositories
ERROR: [Hsi 55-1594] Core pmups of version  not found in repositories

14:50:02 ERROR : (XSDB Server)ERROR: [Hsi 55-1597] SwCore ramps is not found in Repositories

14:50:02 ERROR : (XSDB Server)ERROR: [Hsi 55-1594] Core ramps of version  not found in repositories

14:50:02 ERROR : (XSDB Server)ERROR: [Hsi 55-1597] SwCore slcrps is not found in Repositories

14:50:02 ERROR : (XSDB Server)ERROR: [Hsi 55-1594] Core slcrps of version  not found in repositories

14:50:02 ERROR : (XSDB Server)ERROR: [Hsi 55-1597] SwCore axi_xadc is not found in Repositories

14:50:02 ERROR : (XSDB Server)ERROR: [Hsi 55-1594] Core axi_xadc of version  not found in repositories

14:50:02 ERROR : (XSDB Server)ERROR: [Hsi 55-1597] SwCore device_tree is not found in Repositories

14:50:02 ERROR : (XSDB Server)ERROR: [Hsi 55-1594] Core device_tree of version  not found in repositories

14:50:02 ERROR : (XSDB Server)ERROR: [Hsi 55-1452] Error: running open_sw_design.

14:50:02 ERROR : (XSDB Server)ERROR: [Hsi 55-1597] SwCore ddrcps is not found in Repositories

14:50:02 ERROR : (XSDB Server)ERROR: [Hsi 55-1594] Core ddrcps of version  not found in repositories

14:50:02 ERROR : (XSDB Server)ERROR: [Hsi 55-1597] SwCore globaltimerps is not found in Repositories
ERROR: [Hsi 55-1594] Core globaltimerps of version  not found in repositories

14:50:02 ERROR : (XSDB Server)ERROR: [Hsi 55-1597] SwCore ocmcps is not found in Repositories

14:50:02 ERROR : (XSDB Server)ERROR: [Hsi 55-1594] Core ocmcps of version  not found in repositories

14:50:02 ERROR : (XSDB Server)ERROR: [Hsi 55-1597] SwCore pl310ps is not found in Repositories

14:50:02 ERROR : (XSDB Server)ERROR: [Hsi 55-1594] Core pl310ps of version  not found in repositories
ERROR: [Hsi 55-1597] SwCore pmups is not found in Repositories

14:50:02 ERROR : (XSDB Server)ERROR: [Hsi 55-1594] Core pmups of version  not found in repositories

14:50:02 ERROR : (XSDB Server)ERROR: [Hsi 55-1597] SwCore ramps is not found in Repositories

14:50:02 ERROR : (XSDB Server)ERROR: [Hsi 55-1594] Core ramps of version  not found in repositories

14:50:02 ERROR : (XSDB Server)ERROR: [Hsi 55-1597] SwCore slcrps is not found in Repositories

14:50:02 ERROR : (XSDB Server)ERROR: [Hsi 55-1594] Core slcrps of version  not found in repositories

14:50:02 ERROR : (XSDB Server)ERROR: [Hsi 55-1597] SwCore axi_xadc is not found in Repositories

14:50:02 ERROR : (XSDB Server)ERROR: [Hsi 55-1594] Core axi_xadc of version  not found in repositories

14:50:02 ERROR : (XSDB Server)ERROR: [Hsi 55-1597] SwCore device_tree is not found in Repositories

14:50:02 ERROR : (XSDB Server)ERROR: [Hsi 55-1594] Core device_tree of version  not found in repositories

14:50:02 ERROR : (XSDB Server)ERROR: [Hsi 55-1452] Error: running open_sw_design.

14:50:02 ERROR : Failed to get_connected_periphs
Reason: ERROR: [Common 17-55] 'get_property' expects at least one object.
Resolution: If [get_<value>] was used to populate the object, check to make sure this command returns at least one valid object.

15:14:45 INFO  : Registering command handlers for SDK TCF services
15:14:48 INFO  : Launching XSCT server: xsct -n -interactive /home/daniel/Schreibtisch/Git/Zybo-Linux/Vivado/ZyboLinux/ZyboLinux.sdk/temp_xsdb_launch_script.tcl
15:14:56 INFO  : XSCT server has started successfully.
15:14:56 INFO  : Successfully done setting XSCT server connection channel  
15:14:57 INFO  : Successfully done setting SDK workspace  
15:14:57 INFO  : Restoring local repository preferences: 
		 /home/daniel/Schreibtisch/Git/Zybo-Linux/DeviceTree/device-tree-xlnx
15:14:57 INFO  : Processing command line option -hwspec /home/daniel/Schreibtisch/Git/Zybo-Linux/Vivado/ZyboLinux/ZyboLinux.sdk/ProcessingSystem_wrapper.hdf.
15:15:31 ERROR : (XSDB Server)ERROR: [Hsi 55-1403] /home/daniel/Schreibtisch/Git/Zybo-Linux/Vivado/ZyboLinux/ZyboLinux.sdk/FSBL_bsp/system.mss line 238 - No IP instance named xadc_wiz_0 present in hardware design

15:15:31 ERROR : (XSDB Server)ERROR: [Hsi 55-1452] Error: running open_sw_design.

15:15:31 ERROR :  [Common 17-39] 'hsi::open_sw_design' failed due to earlier errors.
15:15:31 ERROR : (XSDB Server)ERROR: [Hsi 55-1403] /home/daniel/Schreibtisch/Git/Zybo-Linux/Vivado/ZyboLinux/ZyboLinux.sdk/FSBL_bsp/system.mss line 238 - No IP instance named xadc_wiz_0 present in hardware design

15:15:31 ERROR : (XSDB Server)ERROR: [Hsi 55-1452] Error: running open_sw_design.

15:15:31 INFO  : Unable to read in MSS file /home/daniel/Schreibtisch/Git/Zybo-Linux/Vivado/ZyboLinux/ZyboLinux.sdk/FSBL_bsp/system.mss : null
15:15:31 ERROR : (XSDB Server)ERROR: [Hsi 55-1403] /home/daniel/Schreibtisch/Git/Zybo-Linux/Vivado/ZyboLinux/ZyboLinux.sdk/FSBL_bsp/system.mss line 238 - No IP instance named xadc_wiz_0 present in hardware design

15:15:31 ERROR : (XSDB Server)ERROR: [Hsi 55-1452] Error: running open_sw_design.

15:15:31 ERROR : (XSDB Server)ERROR: [Hsi 55-1403] /home/daniel/Schreibtisch/Git/Zybo-Linux/Vivado/ZyboLinux/ZyboLinux.sdk/FSBL_bsp/system.mss line 238 - No IP instance named xadc_wiz_0 present in hardware design

15:15:31 ERROR : (XSDB Server)ERROR: [Hsi 55-1452] Error: running open_sw_design.

15:15:31 ERROR : Failed to get_connected_periphs
Reason: ERROR: [Common 17-55] 'get_property' expects at least one object.
Resolution: If [get_<value>] was used to populate the object, check to make sure this command returns at least one valid object.

15:15:37 ERROR : (XSDB Server)ERROR: [Hsi 55-1403] /home/daniel/Schreibtisch/Git/Zybo-Linux/Vivado/ZyboLinux/ZyboLinux.sdk/FSBL_bsp/system.mss line 238 - No IP instance named xadc_wiz_0 present in hardware design

15:15:37 ERROR : (XSDB Server)ERROR: [Hsi 55-1452] Error: running open_sw_design.

15:15:37 ERROR :  [Common 17-39] 'hsi::open_sw_design' failed due to earlier errors.
15:15:37 ERROR : (XSDB Server)ERROR: [Hsi 55-1403] /home/daniel/Schreibtisch/Git/Zybo-Linux/Vivado/ZyboLinux/ZyboLinux.sdk/FSBL_bsp/system.mss line 238 - No IP instance named xadc_wiz_0 present in hardware design

15:15:37 ERROR : (XSDB Server)ERROR: [Hsi 55-1452] Error: running open_sw_design.

15:15:37 INFO  : Unable to read in MSS file /home/daniel/Schreibtisch/Git/Zybo-Linux/Vivado/ZyboLinux/ZyboLinux.sdk/FSBL_bsp/system.mss : null
15:15:37 ERROR : (XSDB Server)ERROR: [Hsi 55-1403] /home/daniel/Schreibtisch/Git/Zybo-Linux/Vivado/ZyboLinux/ZyboLinux.sdk/FSBL_bsp/system.mss line 238 - No IP instance named xadc_wiz_0 present in hardware design

15:15:37 ERROR : (XSDB Server)ERROR: [Hsi 55-1452] Error: running open_sw_design.

15:15:37 ERROR : (XSDB Server)ERROR: [Hsi 55-1403] /home/daniel/Schreibtisch/Git/Zybo-Linux/Vivado/ZyboLinux/ZyboLinux.sdk/FSBL_bsp/system.mss line 238 - No IP instance named xadc_wiz_0 present in hardware design

15:15:37 ERROR : (XSDB Server)ERROR: [Hsi 55-1452] Error: running open_sw_design.

15:15:38 ERROR : (XSDB Server)ERROR: [Hsi 55-1403] /home/daniel/Schreibtisch/Git/Zybo-Linux/Vivado/ZyboLinux/ZyboLinux.sdk/FSBL_bsp/system.mss line 238 - No IP instance named xadc_wiz_0 present in hardware design

15:15:38 ERROR : (XSDB Server)ERROR: [Hsi 55-1452] Error: running open_sw_design.

15:15:38 ERROR :  [Common 17-39] 'hsi::open_sw_design' failed due to earlier errors.
15:15:38 ERROR : (XSDB Server)ERROR: [Hsi 55-1403] /home/daniel/Schreibtisch/Git/Zybo-Linux/Vivado/ZyboLinux/ZyboLinux.sdk/FSBL_bsp/system.mss line 238 - No IP instance named xadc_wiz_0 present in hardware design

15:15:38 ERROR : (XSDB Server)ERROR: [Hsi 55-1452] Error: running open_sw_design.

15:15:38 INFO  : Unable to read in MSS file /home/daniel/Schreibtisch/Git/Zybo-Linux/Vivado/ZyboLinux/ZyboLinux.sdk/FSBL_bsp/system.mss : null
15:15:38 ERROR : (XSDB Server)ERROR: [Hsi 55-1403] /home/daniel/Schreibtisch/Git/Zybo-Linux/Vivado/ZyboLinux/ZyboLinux.sdk/FSBL_bsp/system.mss line 238 - No IP instance named xadc_wiz_0 present in hardware design

15:15:38 ERROR : (XSDB Server)ERROR: [Hsi 55-1452] Error: running open_sw_design.

15:15:38 ERROR : Failed to closesw "/home/daniel/Schreibtisch/Git/Zybo-Linux/Vivado/ZyboLinux/ZyboLinux.sdk/FSBL_bsp/system.mss"
Reason: Cannot close sw design '/home/daniel/Schreibtisch/Git/Zybo-Linux/Vivado/ZyboLinux/ZyboLinux.sdk/FSBL_bsp/system.mss'.
Design is not opened in the current session.


15:15:39 ERROR : (XSDB Server)ERROR: [Hsi 55-1597] SwCore ddrcps is not found in Repositories

15:15:39 ERROR : (XSDB Server)ERROR: [Hsi 55-1594] Core ddrcps of version  not found in repositories

15:15:39 ERROR : (XSDB Server)ERROR: [Hsi 55-1597] SwCore globaltimerps is not found in Repositories
ERROR: [Hsi 55-1594] Core globaltimerps of version  not found in repositories
ERROR: [Hsi 55-1597] SwCore ocmcps is not found in Repositories
ERROR: [Hsi 55-1594] Core ocmcps of version  not found in repositories
ERROR: [Hsi 55-1597] SwCore pl310ps is not found in Repositories
ERROR: [Hsi 55-1594] Core pl310ps of version  not found in repositories
ERROR: [Hsi 55-1597] SwCore pmups is not found in Repositories
ERROR: [Hsi 55-1594] Core pmups of version  not found in repositories
ERROR: [Hsi 55-1597] SwCore ramps is not found in Repositories
ERROR: [Hsi 55-1594] Core ramps of version  not found in repositories
ERROR: [Hsi 55-1597] SwCore slcrps is not found in Repositories
ERROR: [Hsi 55-1594] Core slcrps of version  not found in repositories

15:15:39 ERROR : (XSDB Server)ERROR: [Hsi 55-1597] SwCore axi_xadc is not found in Repositories

15:15:39 ERROR : (XSDB Server)ERROR: [Hsi 55-1594] Core axi_xadc of version  not found in repositories

15:15:39 ERROR : (XSDB Server)ERROR: [Hsi 55-1403] /home/daniel/Schreibtisch/Git/Zybo-Linux/Vivado/ZyboLinux/ZyboLinux.sdk/device_tree_bsp_0/system.mss line 251 - No IP instance named xadc_wiz_0 present in hardware design

15:15:39 ERROR : (XSDB Server)ERROR: [Hsi 55-1597] SwCore device_tree is not found in Repositories

15:15:39 ERROR : (XSDB Server)ERROR: [Hsi 55-1594] Core device_tree of version  not found in repositories

15:15:39 ERROR : (XSDB Server)ERROR: [Hsi 55-1452] Error: running open_sw_design.

15:15:39 ERROR :  [Common 17-39] 'hsi::open_sw_design' failed due to earlier errors.
15:15:39 ERROR : (XSDB Server)ERROR: [Hsi 55-1597] SwCore ddrcps is not found in Repositories

15:15:39 ERROR : (XSDB Server)ERROR: [Hsi 55-1594] Core ddrcps of version  not found in repositories

15:15:39 ERROR : (XSDB Server)ERROR: [Hsi 55-1597] SwCore globaltimerps is not found in Repositories

15:15:39 ERROR : (XSDB Server)ERROR: [Hsi 55-1594] Core globaltimerps of version  not found in repositories

15:15:39 ERROR : (XSDB Server)ERROR: [Hsi 55-1597] SwCore ocmcps is not found in Repositories

15:15:39 ERROR : (XSDB Server)ERROR: [Hsi 55-1594] Core ocmcps of version  not found in repositories

15:15:39 ERROR : (XSDB Server)ERROR: [Hsi 55-1597] SwCore pl310ps is not found in Repositories

15:15:39 ERROR : (XSDB Server)ERROR: [Hsi 55-1594] Core pl310ps of version  not found in repositories

15:15:39 ERROR : (XSDB Server)ERROR: [Hsi 55-1597] SwCore pmups is not found in Repositories

15:15:39 ERROR : (XSDB Server)ERROR: [Hsi 55-1594] Core pmups of version  not found in repositories

15:15:39 ERROR : (XSDB Server)ERROR: [Hsi 55-1597] SwCore ramps is not found in Repositories

15:15:39 ERROR : (XSDB Server)ERROR: [Hsi 55-1594] Core ramps of version  not found in repositories

15:15:39 ERROR : (XSDB Server)ERROR: [Hsi 55-1597] SwCore slcrps is not found in Repositories

15:15:39 ERROR : (XSDB Server)ERROR: [Hsi 55-1594] Core slcrps of version  not found in repositories

15:15:39 ERROR : (XSDB Server)ERROR: [Hsi 55-1597] SwCore axi_xadc is not found in Repositories

15:15:39 ERROR : (XSDB Server)ERROR: [Hsi 55-1594] Core axi_xadc of version  not found in repositories

15:15:39 ERROR : (XSDB Server)ERROR: [Hsi 55-1403] /home/daniel/Schreibtisch/Git/Zybo-Linux/Vivado/ZyboLinux/ZyboLinux.sdk/device_tree_bsp_0/system.mss line 251 - No IP instance named xadc_wiz_0 present in hardware design

15:15:39 ERROR : (XSDB Server)ERROR: [Hsi 55-1597] SwCore device_tree is not found in Repositories

15:15:39 ERROR : (XSDB Server)ERROR: [Hsi 55-1594] Core device_tree of version  not found in repositories

15:15:39 ERROR : (XSDB Server)ERROR: [Hsi 55-1452] Error: running open_sw_design.

15:15:39 INFO  : Unable to read in MSS file /home/daniel/Schreibtisch/Git/Zybo-Linux/Vivado/ZyboLinux/ZyboLinux.sdk/device_tree_bsp_0/system.mss : null
15:15:39 ERROR : (XSDB Server)ERROR: [Hsi 55-1597] SwCore ddrcps is not found in Repositories

15:15:39 ERROR : (XSDB Server)ERROR: [Hsi 55-1594] Core ddrcps of version  not found in repositories

15:15:39 ERROR : (XSDB Server)ERROR: [Hsi 55-1597] SwCore globaltimerps is not found in Repositories

15:15:39 ERROR : (XSDB Server)ERROR: [Hsi 55-1594] Core globaltimerps of version  not found in repositories

15:15:39 ERROR : (XSDB Server)ERROR: [Hsi 55-1597] SwCore ocmcps is not found in Repositories

15:15:39 ERROR : (XSDB Server)ERROR: [Hsi 55-1594] Core ocmcps of version  not found in repositories

15:15:39 ERROR : (XSDB Server)ERROR: [Hsi 55-1597] SwCore pl310ps is not found in Repositories

15:15:39 ERROR : (XSDB Server)ERROR: [Hsi 55-1594] Core pl310ps of version  not found in repositories

15:15:39 ERROR : (XSDB Server)ERROR: [Hsi 55-1597] SwCore pmups is not found in Repositories

15:15:39 ERROR : (XSDB Server)ERROR: [Hsi 55-1594] Core pmups of version  not found in repositories

15:15:39 ERROR : (XSDB Server)ERROR: [Hsi 55-1597] SwCore ramps is not found in Repositories

15:15:39 ERROR : (XSDB Server)ERROR: [Hsi 55-1594] Core ramps of version  not found in repositories

15:15:39 ERROR : (XSDB Server)ERROR: [Hsi 55-1597] SwCore slcrps is not found in Repositories

15:15:39 ERROR : (XSDB Server)ERROR: [Hsi 55-1594] Core slcrps of version  not found in repositories

15:15:39 ERROR : (XSDB Server)ERROR: [Hsi 55-1597] SwCore axi_xadc is not found in Repositories

15:15:39 ERROR : (XSDB Server)ERROR: [Hsi 55-1594] Core axi_xadc of version  not found in repositories

15:15:39 ERROR : (XSDB Server)ERROR: [Hsi 55-1403] /home/daniel/Schreibtisch/Git/Zybo-Linux/Vivado/ZyboLinux/ZyboLinux.sdk/device_tree_bsp_0/system.mss line 251 - No IP instance named xadc_wiz_0 present in hardware design

15:15:39 ERROR : (XSDB Server)ERROR: [Hsi 55-1597] SwCore device_tree is not found in Repositories

15:15:39 ERROR : (XSDB Server)ERROR: [Hsi 55-1594] Core device_tree of version  not found in repositories

15:15:39 ERROR : (XSDB Server)ERROR: [Hsi 55-1452] Error: running open_sw_design.

15:15:39 ERROR : (XSDB Server)ERROR: [Hsi 55-1597] SwCore ddrcps is not found in Repositories

15:15:39 ERROR : (XSDB Server)ERROR: [Hsi 55-1594] Core ddrcps of version  not found in repositories

15:15:39 ERROR : (XSDB Server)ERROR: [Hsi 55-1597] SwCore globaltimerps is not found in Repositories

15:15:39 ERROR : (XSDB Server)ERROR: [Hsi 55-1594] Core globaltimerps of version  not found in repositories

15:15:39 ERROR : (XSDB Server)ERROR: [Hsi 55-1597] SwCore ocmcps is not found in Repositories

15:15:39 ERROR : (XSDB Server)ERROR: [Hsi 55-1594] Core ocmcps of version  not found in repositories

15:15:39 ERROR : (XSDB Server)ERROR: [Hsi 55-1597] SwCore pl310ps is not found in Repositories

15:15:39 ERROR : (XSDB Server)ERROR: [Hsi 55-1594] Core pl310ps of version  not found in repositories

15:15:39 ERROR : (XSDB Server)ERROR: [Hsi 55-1597] SwCore pmups is not found in Repositories

15:15:39 ERROR : (XSDB Server)ERROR: [Hsi 55-1594] Core pmups of version  not found in repositories

15:15:39 ERROR : (XSDB Server)ERROR: [Hsi 55-1597] SwCore ramps is not found in Repositories

15:15:39 ERROR : (XSDB Server)ERROR: [Hsi 55-1594] Core ramps of version  not found in repositories

15:15:39 ERROR : (XSDB Server)ERROR: [Hsi 55-1597] SwCore slcrps is not found in Repositories

15:15:39 ERROR : (XSDB Server)ERROR: [Hsi 55-1594] Core slcrps of version  not found in repositories

15:15:39 ERROR : (XSDB Server)ERROR: [Hsi 55-1597] SwCore axi_xadc is not found in Repositories

15:15:39 ERROR : (XSDB Server)ERROR: [Hsi 55-1594] Core axi_xadc of version  not found in repositories
ERROR: [Hsi 55-1403] /home/daniel/Schreibtisch/Git/Zybo-Linux/Vivado/ZyboLinux/ZyboLinux.sdk/device_tree_bsp_0/system.mss line 251 - No IP instance named xadc_wiz_0 present in hardware design

15:15:39 ERROR : (XSDB Server)ERROR: [Hsi 55-1597] SwCore device_tree is not found in Repositories

15:15:39 ERROR : (XSDB Server)ERROR: [Hsi 55-1594] Core device_tree of version  not found in repositories

15:15:39 ERROR : (XSDB Server)ERROR: [Hsi 55-1452] Error: running open_sw_design.

15:15:39 ERROR : Failed to get_connected_periphs
Reason: ERROR: [Common 17-55] 'get_property' expects at least one object.
Resolution: If [get_<value>] was used to populate the object, check to make sure this command returns at least one valid object.

15:15:42 ERROR : (XSDB Server)ERROR: [Hsi 55-1597] SwCore ddrcps is not found in Repositories

15:15:42 ERROR : (XSDB Server)ERROR: [Hsi 55-1594] Core ddrcps of version  not found in repositories
ERROR: [Hsi 55-1597] SwCore globaltimerps is not found in Repositories
ERROR: [Hsi 55-1594] Core globaltimerps of version  not found in repositories

15:15:42 ERROR : (XSDB Server)ERROR: [Hsi 55-1597] SwCore ocmcps is not found in Repositories

15:15:42 ERROR : (XSDB Server)ERROR: [Hsi 55-1594] Core ocmcps of version  not found in repositories

15:15:42 ERROR : (XSDB Server)ERROR: [Hsi 55-1597] SwCore pl310ps is not found in Repositories

15:15:42 ERROR : (XSDB Server)ERROR: [Hsi 55-1594] Core pl310ps of version  not found in repositories

15:15:42 ERROR : (XSDB Server)ERROR: [Hsi 55-1597] SwCore pmups is not found in Repositories

15:15:42 ERROR : (XSDB Server)ERROR: [Hsi 55-1594] Core pmups of version  not found in repositories

15:15:42 ERROR : (XSDB Server)ERROR: [Hsi 55-1597] SwCore ramps is not found in Repositories

15:15:42 ERROR : (XSDB Server)ERROR: [Hsi 55-1594] Core ramps of version  not found in repositories

15:15:42 ERROR : (XSDB Server)ERROR: [Hsi 55-1597] SwCore slcrps is not found in Repositories

15:15:42 ERROR : (XSDB Server)ERROR: [Hsi 55-1594] Core slcrps of version  not found in repositories

15:15:42 ERROR : (XSDB Server)ERROR: [Hsi 55-1597] SwCore axi_xadc is not found in Repositories

15:15:42 ERROR : (XSDB Server)ERROR: [Hsi 55-1594] Core axi_xadc of version  not found in repositories

15:15:42 ERROR : (XSDB Server)ERROR: [Hsi 55-1403] /home/daniel/Schreibtisch/Git/Zybo-Linux/Vivado/ZyboLinux/ZyboLinux.sdk/device_tree_bsp_0/system.mss line 251 - No IP instance named xadc_wiz_0 present in hardware design

15:15:42 ERROR : (XSDB Server)ERROR: [Hsi 55-1597] SwCore device_tree is not found in Repositories

15:15:42 ERROR : (XSDB Server)ERROR: [Hsi 55-1594] Core device_tree of version  not found in repositories

15:15:42 ERROR : (XSDB Server)ERROR: [Hsi 55-1452] Error: running open_sw_design.

15:15:42 ERROR :  [Common 17-39] 'hsi::open_sw_design' failed due to earlier errors.
15:15:42 ERROR : (XSDB Server)ERROR: [Hsi 55-1597] SwCore ddrcps is not found in Repositories

15:15:42 ERROR : (XSDB Server)ERROR: [Hsi 55-1594] Core ddrcps of version  not found in repositories

15:15:42 ERROR : (XSDB Server)ERROR: [Hsi 55-1597] SwCore globaltimerps is not found in Repositories

15:15:42 ERROR : (XSDB Server)ERROR: [Hsi 55-1594] Core globaltimerps of version  not found in repositories

15:15:42 ERROR : (XSDB Server)ERROR: [Hsi 55-1597] SwCore ocmcps is not found in Repositories

15:15:42 ERROR : (XSDB Server)ERROR: [Hsi 55-1594] Core ocmcps of version  not found in repositories

15:15:42 ERROR : (XSDB Server)ERROR: [Hsi 55-1597] SwCore pl310ps is not found in Repositories

15:15:42 ERROR : (XSDB Server)ERROR: [Hsi 55-1594] Core pl310ps of version  not found in repositories

15:15:42 ERROR : (XSDB Server)ERROR: [Hsi 55-1597] SwCore pmups is not found in Repositories

15:15:42 ERROR : (XSDB Server)ERROR: [Hsi 55-1594] Core pmups of version  not found in repositories

15:15:42 ERROR : (XSDB Server)ERROR: [Hsi 55-1597] SwCore ramps is not found in Repositories

15:15:42 ERROR : (XSDB Server)ERROR: [Hsi 55-1594] Core ramps of version  not found in repositories

15:15:42 ERROR : (XSDB Server)ERROR: [Hsi 55-1597] SwCore slcrps is not found in Repositories

15:15:42 ERROR : (XSDB Server)ERROR: [Hsi 55-1594] Core slcrps of version  not found in repositories

15:15:42 ERROR : (XSDB Server)ERROR: [Hsi 55-1597] SwCore axi_xadc is not found in Repositories

15:15:42 ERROR : (XSDB Server)ERROR: [Hsi 55-1594] Core axi_xadc of version  not found in repositories

15:15:42 ERROR : (XSDB Server)ERROR: [Hsi 55-1403] /home/daniel/Schreibtisch/Git/Zybo-Linux/Vivado/ZyboLinux/ZyboLinux.sdk/device_tree_bsp_0/system.mss line 251 - No IP instance named xadc_wiz_0 present in hardware design

15:15:42 ERROR : (XSDB Server)ERROR: [Hsi 55-1597] SwCore device_tree is not found in Repositories

15:15:42 ERROR : (XSDB Server)ERROR: [Hsi 55-1594] Core device_tree of version  not found in repositories

15:15:42 ERROR : (XSDB Server)ERROR: [Hsi 55-1452] Error: running open_sw_design.

15:15:42 INFO  : Unable to read in MSS file /home/daniel/Schreibtisch/Git/Zybo-Linux/Vivado/ZyboLinux/ZyboLinux.sdk/device_tree_bsp_0/system.mss : null
15:15:42 ERROR : (XSDB Server)ERROR: [Hsi 55-1597] SwCore ddrcps is not found in Repositories

15:15:42 ERROR : (XSDB Server)ERROR: [Hsi 55-1594] Core ddrcps of version  not found in repositories

15:15:42 ERROR : (XSDB Server)ERROR: [Hsi 55-1597] SwCore globaltimerps is not found in Repositories

15:15:42 ERROR : (XSDB Server)ERROR: [Hsi 55-1594] Core globaltimerps of version  not found in repositories

15:15:42 ERROR : (XSDB Server)ERROR: [Hsi 55-1597] SwCore ocmcps is not found in Repositories

15:15:42 ERROR : (XSDB Server)ERROR: [Hsi 55-1594] Core ocmcps of version  not found in repositories

15:15:42 ERROR : (XSDB Server)ERROR: [Hsi 55-1597] SwCore pl310ps is not found in Repositories

15:15:42 ERROR : (XSDB Server)ERROR: [Hsi 55-1594] Core pl310ps of version  not found in repositories

15:15:42 ERROR : (XSDB Server)ERROR: [Hsi 55-1597] SwCore pmups is not found in Repositories

15:15:42 ERROR : (XSDB Server)ERROR: [Hsi 55-1594] Core pmups of version  not found in repositories

15:15:42 ERROR : (XSDB Server)ERROR: [Hsi 55-1597] SwCore ramps is not found in Repositories

15:15:42 ERROR : (XSDB Server)ERROR: [Hsi 55-1594] Core ramps of version  not found in repositories

15:15:42 ERROR : (XSDB Server)ERROR: [Hsi 55-1597] SwCore slcrps is not found in Repositories

15:15:42 ERROR : (XSDB Server)ERROR: [Hsi 55-1594] Core slcrps of version  not found in repositories

15:15:42 ERROR : (XSDB Server)ERROR: [Hsi 55-1597] SwCore axi_xadc is not found in Repositories
ERROR: [Hsi 55-1594] Core axi_xadc of version  not found in repositories

15:15:42 ERROR : (XSDB Server)ERROR: [Hsi 55-1403] /home/daniel/Schreibtisch/Git/Zybo-Linux/Vivado/ZyboLinux/ZyboLinux.sdk/device_tree_bsp_0/system.mss line 251 - No IP instance named xadc_wiz_0 present in hardware design

15:15:42 ERROR : (XSDB Server)ERROR: [Hsi 55-1597] SwCore device_tree is not found in Repositories

15:15:42 ERROR : (XSDB Server)ERROR: [Hsi 55-1594] Core device_tree of version  not found in repositories

15:15:42 ERROR : (XSDB Server)ERROR: [Hsi 55-1452] Error: running open_sw_design.

15:15:42 ERROR : (XSDB Server)ERROR: [Hsi 55-1597] SwCore ddrcps is not found in Repositories

15:15:42 ERROR : (XSDB Server)ERROR: [Hsi 55-1594] Core ddrcps of version  not found in repositories

15:15:42 ERROR : (XSDB Server)ERROR: [Hsi 55-1597] SwCore globaltimerps is not found in Repositories

15:15:42 ERROR : (XSDB Server)ERROR: [Hsi 55-1594] Core globaltimerps of version  not found in repositories

15:15:42 ERROR : (XSDB Server)ERROR: [Hsi 55-1597] SwCore ocmcps is not found in Repositories

15:15:42 ERROR : (XSDB Server)ERROR: [Hsi 55-1594] Core ocmcps of version  not found in repositories

15:15:42 ERROR : (XSDB Server)ERROR: [Hsi 55-1597] SwCore pl310ps is not found in Repositories

15:15:42 ERROR : (XSDB Server)ERROR: [Hsi 55-1594] Core pl310ps of version  not found in repositories

15:15:42 ERROR : (XSDB Server)ERROR: [Hsi 55-1597] SwCore pmups is not found in Repositories

15:15:42 ERROR : (XSDB Server)ERROR: [Hsi 55-1594] Core pmups of version  not found in repositories

15:15:42 ERROR : (XSDB Server)ERROR: [Hsi 55-1597] SwCore ramps is not found in Repositories
ERROR: [Hsi 55-1594] Core ramps of version  not found in repositories

15:15:42 ERROR : (XSDB Server)ERROR: [Hsi 55-1597] SwCore slcrps is not found in Repositories

15:15:42 ERROR : (XSDB Server)ERROR: [Hsi 55-1594] Core slcrps of version  not found in repositories

15:15:42 ERROR : (XSDB Server)ERROR: [Hsi 55-1597] SwCore axi_xadc is not found in Repositories

15:15:42 ERROR : (XSDB Server)ERROR: [Hsi 55-1594] Core axi_xadc of version  not found in repositories

15:15:42 ERROR : (XSDB Server)ERROR: [Hsi 55-1403] /home/daniel/Schreibtisch/Git/Zybo-Linux/Vivado/ZyboLinux/ZyboLinux.sdk/device_tree_bsp_0/system.mss line 251 - No IP instance named xadc_wiz_0 present in hardware design

15:15:42 ERROR : (XSDB Server)ERROR: [Hsi 55-1597] SwCore device_tree is not found in Repositories

15:15:42 ERROR : (XSDB Server)ERROR: [Hsi 55-1594] Core device_tree of version  not found in repositories

15:15:42 ERROR : (XSDB Server)ERROR: [Hsi 55-1452] Error: running open_sw_design.

15:15:43 ERROR : (XSDB Server)ERROR: [Hsi 55-1597] SwCore ddrcps is not found in Repositories

15:15:43 ERROR : (XSDB Server)ERROR: [Hsi 55-1594] Core ddrcps of version  not found in repositories

15:15:43 ERROR : (XSDB Server)ERROR: [Hsi 55-1597] SwCore globaltimerps is not found in Repositories

15:15:43 ERROR : (XSDB Server)ERROR: [Hsi 55-1594] Core globaltimerps of version  not found in repositories

15:15:43 ERROR : (XSDB Server)ERROR: [Hsi 55-1597] SwCore ocmcps is not found in Repositories

15:15:43 ERROR : (XSDB Server)ERROR: [Hsi 55-1594] Core ocmcps of version  not found in repositories

15:15:43 ERROR : (XSDB Server)ERROR: [Hsi 55-1597] SwCore pl310ps is not found in Repositories

15:15:43 ERROR : (XSDB Server)ERROR: [Hsi 55-1594] Core pl310ps of version  not found in repositories

15:15:43 ERROR : (XSDB Server)ERROR: [Hsi 55-1597] SwCore pmups is not found in Repositories

15:15:43 ERROR : (XSDB Server)ERROR: [Hsi 55-1594] Core pmups of version  not found in repositories

15:15:43 ERROR : (XSDB Server)ERROR: [Hsi 55-1597] SwCore ramps is not found in Repositories

15:15:43 ERROR : (XSDB Server)ERROR: [Hsi 55-1594] Core ramps of version  not found in repositories

15:15:43 ERROR : (XSDB Server)ERROR: [Hsi 55-1597] SwCore slcrps is not found in Repositories

15:15:43 ERROR : (XSDB Server)ERROR: [Hsi 55-1594] Core slcrps of version  not found in repositories

15:15:43 ERROR : (XSDB Server)ERROR: [Hsi 55-1597] SwCore axi_xadc is not found in Repositories

15:15:43 ERROR : (XSDB Server)ERROR: [Hsi 55-1594] Core axi_xadc of version  not found in repositories

15:15:43 ERROR : (XSDB Server)ERROR: [Hsi 55-1403] /home/daniel/Schreibtisch/Git/Zybo-Linux/Vivado/ZyboLinux/ZyboLinux.sdk/device_tree_bsp_0/system.mss line 251 - No IP instance named xadc_wiz_0 present in hardware design

15:15:43 ERROR : (XSDB Server)ERROR: [Hsi 55-1597] SwCore device_tree is not found in Repositories

15:15:43 ERROR : (XSDB Server)ERROR: [Hsi 55-1594] Core device_tree of version  not found in repositories

15:15:43 ERROR : (XSDB Server)ERROR: [Hsi 55-1452] Error: running open_sw_design.

15:15:43 ERROR :  [Common 17-39] 'hsi::open_sw_design' failed due to earlier errors.
15:15:43 ERROR : (XSDB Server)ERROR: [Hsi 55-1597] SwCore ddrcps is not found in Repositories

15:15:43 ERROR : (XSDB Server)ERROR: [Hsi 55-1594] Core ddrcps of version  not found in repositories

15:15:43 ERROR : (XSDB Server)ERROR: [Hsi 55-1597] SwCore globaltimerps is not found in Repositories

15:15:43 ERROR : (XSDB Server)ERROR: [Hsi 55-1594] Core globaltimerps of version  not found in repositories

15:15:43 ERROR : (XSDB Server)ERROR: [Hsi 55-1597] SwCore ocmcps is not found in Repositories

15:15:43 ERROR : (XSDB Server)ERROR: [Hsi 55-1594] Core ocmcps of version  not found in repositories
ERROR: [Hsi 55-1597] SwCore pl310ps is not found in Repositories

15:15:43 ERROR : (XSDB Server)ERROR: [Hsi 55-1594] Core pl310ps of version  not found in repositories

15:15:43 ERROR : (XSDB Server)ERROR: [Hsi 55-1597] SwCore pmups is not found in Repositories

15:15:43 ERROR : (XSDB Server)ERROR: [Hsi 55-1594] Core pmups of version  not found in repositories

15:15:43 ERROR : (XSDB Server)ERROR: [Hsi 55-1597] SwCore ramps is not found in Repositories

15:15:43 ERROR : (XSDB Server)ERROR: [Hsi 55-1594] Core ramps of version  not found in repositories

15:15:43 ERROR : (XSDB Server)ERROR: [Hsi 55-1597] SwCore slcrps is not found in Repositories

15:15:43 ERROR : (XSDB Server)ERROR: [Hsi 55-1594] Core slcrps of version  not found in repositories

15:15:43 ERROR : (XSDB Server)ERROR: [Hsi 55-1597] SwCore axi_xadc is not found in Repositories

15:15:43 ERROR : (XSDB Server)ERROR: [Hsi 55-1594] Core axi_xadc of version  not found in repositories

15:15:43 ERROR : (XSDB Server)ERROR: [Hsi 55-1403] /home/daniel/Schreibtisch/Git/Zybo-Linux/Vivado/ZyboLinux/ZyboLinux.sdk/device_tree_bsp_0/system.mss line 251 - No IP instance named xadc_wiz_0 present in hardware design

15:15:43 ERROR : (XSDB Server)ERROR: [Hsi 55-1597] SwCore device_tree is not found in Repositories

15:15:43 ERROR : (XSDB Server)ERROR: [Hsi 55-1594] Core device_tree of version  not found in repositories

15:15:43 ERROR : (XSDB Server)ERROR: [Hsi 55-1452] Error: running open_sw_design.

15:15:43 INFO  : Unable to read in MSS file /home/daniel/Schreibtisch/Git/Zybo-Linux/Vivado/ZyboLinux/ZyboLinux.sdk/device_tree_bsp_0/system.mss : null
15:15:43 ERROR : (XSDB Server)ERROR: [Hsi 55-1597] SwCore ddrcps is not found in Repositories

15:15:43 ERROR : (XSDB Server)ERROR: [Hsi 55-1594] Core ddrcps of version  not found in repositories

15:15:43 ERROR : (XSDB Server)ERROR: [Hsi 55-1597] SwCore globaltimerps is not found in Repositories

15:15:43 ERROR : (XSDB Server)ERROR: [Hsi 55-1594] Core globaltimerps of version  not found in repositories

15:15:43 ERROR : (XSDB Server)ERROR: [Hsi 55-1597] SwCore ocmcps is not found in Repositories
ERROR: [Hsi 55-1594] Core ocmcps of version  not found in repositories
ERROR: [Hsi 55-1597] SwCore pl310ps is not found in Repositories

15:15:43 ERROR : (XSDB Server)ERROR: [Hsi 55-1594] Core pl310ps of version  not found in repositories

15:15:43 ERROR : (XSDB Server)ERROR: [Hsi 55-1597] SwCore pmups is not found in Repositories
ERROR: [Hsi 55-1594] Core pmups of version  not found in repositories
ERROR: [Hsi 55-1597] SwCore ramps is not found in Repositories

15:15:43 ERROR : (XSDB Server)ERROR: [Hsi 55-1594] Core ramps of version  not found in repositories

15:15:43 ERROR : (XSDB Server)ERROR: [Hsi 55-1597] SwCore slcrps is not found in Repositories

15:15:43 ERROR : (XSDB Server)ERROR: [Hsi 55-1594] Core slcrps of version  not found in repositories

15:15:43 ERROR : (XSDB Server)ERROR: [Hsi 55-1597] SwCore axi_xadc is not found in Repositories

15:15:43 ERROR : (XSDB Server)ERROR: [Hsi 55-1594] Core axi_xadc of version  not found in repositories
ERROR: [Hsi 55-1403] /home/daniel/Schreibtisch/Git/Zybo-Linux/Vivado/ZyboLinux/ZyboLinux.sdk/device_tree_bsp_0/system.mss line 251 - No IP instance named xadc_wiz_0 present in hardware design

15:15:43 ERROR : (XSDB Server)ERROR: [Hsi 55-1597] SwCore device_tree is not found in Repositories

15:15:43 ERROR : (XSDB Server)ERROR: [Hsi 55-1594] Core device_tree of version  not found in repositories

15:15:43 ERROR : (XSDB Server)ERROR: [Hsi 55-1452] Error: running open_sw_design.

15:15:43 ERROR : Failed to closesw "/home/daniel/Schreibtisch/Git/Zybo-Linux/Vivado/ZyboLinux/ZyboLinux.sdk/device_tree_bsp_0/system.mss"
Reason: Cannot close sw design '/home/daniel/Schreibtisch/Git/Zybo-Linux/Vivado/ZyboLinux/ZyboLinux.sdk/device_tree_bsp_0/system.mss'.
Design is not opened in the current session.


15:15:55 ERROR : (XSDB Server)ERROR: [Hsi 55-1403] /home/daniel/Schreibtisch/Git/Zybo-Linux/Vivado/ZyboLinux/ZyboLinux.sdk/FSBL_bsp/system.mss line 238 - No IP instance named xadc_wiz_0 present in hardware design

15:15:55 ERROR : (XSDB Server)ERROR: [Hsi 55-1452] Error: running open_sw_design.

15:15:55 ERROR :  [Common 17-39] 'hsi::open_sw_design' failed due to earlier errors.
15:15:55 ERROR : (XSDB Server)ERROR: [Hsi 55-1403] /home/daniel/Schreibtisch/Git/Zybo-Linux/Vivado/ZyboLinux/ZyboLinux.sdk/FSBL_bsp/system.mss line 238 - No IP instance named xadc_wiz_0 present in hardware design

15:15:55 ERROR : (XSDB Server)ERROR: [Hsi 55-1452] Error: running open_sw_design.

15:15:55 INFO  : Unable to read in MSS file /home/daniel/Schreibtisch/Git/Zybo-Linux/Vivado/ZyboLinux/ZyboLinux.sdk/FSBL_bsp/system.mss : null
15:15:55 ERROR : (XSDB Server)ERROR: [Hsi 55-1403] /home/daniel/Schreibtisch/Git/Zybo-Linux/Vivado/ZyboLinux/ZyboLinux.sdk/FSBL_bsp/system.mss line 238 - No IP instance named xadc_wiz_0 present in hardware design

15:15:55 ERROR : (XSDB Server)ERROR: [Hsi 55-1452] Error: running open_sw_design.

15:15:55 ERROR : (XSDB Server)ERROR: [Hsi 55-1403] /home/daniel/Schreibtisch/Git/Zybo-Linux/Vivado/ZyboLinux/ZyboLinux.sdk/FSBL_bsp/system.mss line 238 - No IP instance named xadc_wiz_0 present in hardware design

15:15:55 ERROR : (XSDB Server)ERROR: [Hsi 55-1452] Error: running open_sw_design.

15:15:56 ERROR : (XSDB Server)ERROR: [Hsi 55-1403] /home/daniel/Schreibtisch/Git/Zybo-Linux/Vivado/ZyboLinux/ZyboLinux.sdk/FSBL_bsp/system.mss line 238 - No IP instance named xadc_wiz_0 present in hardware design

15:15:56 ERROR : (XSDB Server)ERROR: [Hsi 55-1452] Error: running open_sw_design.

15:15:56 ERROR :  [Common 17-39] 'hsi::open_sw_design' failed due to earlier errors.
15:15:56 ERROR : (XSDB Server)ERROR: [Hsi 55-1403] /home/daniel/Schreibtisch/Git/Zybo-Linux/Vivado/ZyboLinux/ZyboLinux.sdk/FSBL_bsp/system.mss line 238 - No IP instance named xadc_wiz_0 present in hardware design

15:15:56 ERROR : (XSDB Server)ERROR: [Hsi 55-1452] Error: running open_sw_design.

15:15:56 INFO  : Unable to read in MSS file /home/daniel/Schreibtisch/Git/Zybo-Linux/Vivado/ZyboLinux/ZyboLinux.sdk/FSBL_bsp/system.mss : null
15:15:56 ERROR : (XSDB Server)ERROR: [Hsi 55-1403] /home/daniel/Schreibtisch/Git/Zybo-Linux/Vivado/ZyboLinux/ZyboLinux.sdk/FSBL_bsp/system.mss line 238 - No IP instance named xadc_wiz_0 present in hardware design

15:15:56 ERROR : (XSDB Server)ERROR: [Hsi 55-1452] Error: running open_sw_design.

15:15:56 ERROR : Failed to closesw "/home/daniel/Schreibtisch/Git/Zybo-Linux/Vivado/ZyboLinux/ZyboLinux.sdk/FSBL_bsp/system.mss"
Reason: Cannot close sw design '/home/daniel/Schreibtisch/Git/Zybo-Linux/Vivado/ZyboLinux/ZyboLinux.sdk/FSBL_bsp/system.mss'.
Design is not opened in the current session.


15:16:16 ERROR : (XSDB Server)ERROR: [Hsi 55-1403] /home/daniel/Schreibtisch/Git/Zybo-Linux/Vivado/ZyboLinux/ZyboLinux.sdk/FSBL_bsp/system.mss line 238 - No IP instance named xadc_wiz_0 present in hardware design

15:16:16 ERROR : (XSDB Server)ERROR: [Hsi 55-1452] Error: running open_sw_design.

15:16:16 ERROR :  [Common 17-39] 'hsi::open_sw_design' failed due to earlier errors.
15:16:16 ERROR : (XSDB Server)ERROR: [Hsi 55-1403] /home/daniel/Schreibtisch/Git/Zybo-Linux/Vivado/ZyboLinux/ZyboLinux.sdk/FSBL_bsp/system.mss line 238 - No IP instance named xadc_wiz_0 present in hardware design

15:16:16 ERROR : (XSDB Server)ERROR: [Hsi 55-1452] Error: running open_sw_design.

15:16:16 INFO  : Unable to read in MSS file /home/daniel/Schreibtisch/Git/Zybo-Linux/Vivado/ZyboLinux/ZyboLinux.sdk/FSBL_bsp/system.mss : null
15:16:16 ERROR : Failed to closesw "/home/daniel/Schreibtisch/Git/Zybo-Linux/Vivado/ZyboLinux/ZyboLinux.sdk/FSBL_bsp/system.mss"
Reason: Cannot close sw design '/home/daniel/Schreibtisch/Git/Zybo-Linux/Vivado/ZyboLinux/ZyboLinux.sdk/FSBL_bsp/system.mss'.
Design is not opened in the current session.


15:16:20 ERROR : (XSDB Server)ERROR: [Hsi 55-1597] SwCore ddrcps is not found in Repositories

15:16:20 ERROR : (XSDB Server)ERROR: [Hsi 55-1594] Core ddrcps of version  not found in repositories

15:16:20 ERROR : (XSDB Server)ERROR: [Hsi 55-1403] /home/daniel/Schreibtisch/Git/Zybo-Linux/Vivado/ZyboLinux/ZyboLinux.sdk/device_tree_bsp_0/system.mss line 251 - No IP instance named xadc_wiz_0 present in hardware design

15:16:20 ERROR : (XSDB Server)ERROR: [Hsi 55-1452] Error: running open_sw_design.

15:16:20 ERROR :  [Common 17-39] 'hsi::open_sw_design' failed due to earlier errors.
15:16:20 ERROR : (XSDB Server)ERROR: [Hsi 55-1403] /home/daniel/Schreibtisch/Git/Zybo-Linux/Vivado/ZyboLinux/ZyboLinux.sdk/device_tree_bsp_0/system.mss line 251 - No IP instance named xadc_wiz_0 present in hardware design

15:16:20 ERROR : (XSDB Server)ERROR: [Hsi 55-1452] Error: running open_sw_design.

15:16:20 INFO  : Unable to read in MSS file /home/daniel/Schreibtisch/Git/Zybo-Linux/Vivado/ZyboLinux/ZyboLinux.sdk/device_tree_bsp_0/system.mss : null
15:16:20 ERROR : (XSDB Server)ERROR: [Hsi 55-1403] /home/daniel/Schreibtisch/Git/Zybo-Linux/Vivado/ZyboLinux/ZyboLinux.sdk/device_tree_bsp_0/system.mss line 251 - No IP instance named xadc_wiz_0 present in hardware design

15:16:20 ERROR : (XSDB Server)ERROR: [Hsi 55-1452] Error: running open_sw_design.

15:16:20 ERROR : (XSDB Server)ERROR: [Hsi 55-1403] /home/daniel/Schreibtisch/Git/Zybo-Linux/Vivado/ZyboLinux/ZyboLinux.sdk/device_tree_bsp_0/system.mss line 251 - No IP instance named xadc_wiz_0 present in hardware design

15:16:20 ERROR : (XSDB Server)ERROR: [Hsi 55-1452] Error: running open_sw_design.

15:16:20 ERROR :  [Common 17-39] 'hsi::open_sw_design' failed due to earlier errors.
15:16:20 ERROR : (XSDB Server)ERROR: [Hsi 55-1403] /home/daniel/Schreibtisch/Git/Zybo-Linux/Vivado/ZyboLinux/ZyboLinux.sdk/device_tree_bsp_0/system.mss line 251 - No IP instance named xadc_wiz_0 present in hardware design

15:16:20 ERROR : (XSDB Server)ERROR: [Hsi 55-1452] Error: running open_sw_design.

15:16:20 INFO  : Unable to read in MSS file /home/daniel/Schreibtisch/Git/Zybo-Linux/Vivado/ZyboLinux/ZyboLinux.sdk/device_tree_bsp_0/system.mss : null
15:16:20 ERROR : (XSDB Server)ERROR: [Hsi 55-1403] /home/daniel/Schreibtisch/Git/Zybo-Linux/Vivado/ZyboLinux/ZyboLinux.sdk/device_tree_bsp_0/system.mss line 251 - No IP instance named xadc_wiz_0 present in hardware design

15:16:20 ERROR : (XSDB Server)ERROR: [Hsi 55-1452] Error: running open_sw_design.

15:16:20 ERROR : (XSDB Server)ERROR: [Hsi 55-1403] /home/daniel/Schreibtisch/Git/Zybo-Linux/Vivado/ZyboLinux/ZyboLinux.sdk/device_tree_bsp_0/system.mss line 251 - No IP instance named xadc_wiz_0 present in hardware design

15:16:20 ERROR : (XSDB Server)ERROR: [Hsi 55-1452] Error: running open_sw_design.

15:16:20 ERROR :  [Common 17-39] 'hsi::open_sw_design' failed due to earlier errors.
15:16:20 ERROR : (XSDB Server)ERROR: [Hsi 55-1403] /home/daniel/Schreibtisch/Git/Zybo-Linux/Vivado/ZyboLinux/ZyboLinux.sdk/device_tree_bsp_0/system.mss line 251 - No IP instance named xadc_wiz_0 present in hardware design

15:16:20 INFO  : Unable to read in MSS file /home/daniel/Schreibtisch/Git/Zybo-Linux/Vivado/ZyboLinux/ZyboLinux.sdk/device_tree_bsp_0/system.mss : null
15:16:20 ERROR : (XSDB Server)ERROR: [Hsi 55-1452] Error: running open_sw_design.

15:16:20 ERROR : (XSDB Server)ERROR: [Hsi 55-1403] /home/daniel/Schreibtisch/Git/Zybo-Linux/Vivado/ZyboLinux/ZyboLinux.sdk/device_tree_bsp_0/system.mss line 251 - No IP instance named xadc_wiz_0 present in hardware design

15:16:20 ERROR : (XSDB Server)ERROR: [Hsi 55-1452] Error: running open_sw_design.

15:16:59 ERROR : (XSDB Server)ERROR: [Hsi 55-1403] /home/daniel/Schreibtisch/Git/Zybo-Linux/Vivado/ZyboLinux/ZyboLinux.sdk/device_tree_bsp_0/system.mss line 251 - No IP instance named xadc_wiz_0 present in hardware design

15:16:59 ERROR : (XSDB Server)ERROR: [Hsi 55-1452] Error: running open_sw_design.

15:16:59 ERROR :  [Common 17-39] 'hsi::open_sw_design' failed due to earlier errors.
15:16:59 ERROR : (XSDB Server)ERROR: [Hsi 55-1403] /home/daniel/Schreibtisch/Git/Zybo-Linux/Vivado/ZyboLinux/ZyboLinux.sdk/device_tree_bsp_0/system.mss line 251 - No IP instance named xadc_wiz_0 present in hardware design

15:16:59 ERROR : (XSDB Server)ERROR: [Hsi 55-1452] Error: running open_sw_design.

15:16:59 INFO  : Unable to read in MSS file /home/daniel/Schreibtisch/Git/Zybo-Linux/Vivado/ZyboLinux/ZyboLinux.sdk/device_tree_bsp_0/system.mss : null
15:16:59 ERROR : (XSDB Server)ERROR: [Hsi 55-1403] /home/daniel/Schreibtisch/Git/Zybo-Linux/Vivado/ZyboLinux/ZyboLinux.sdk/device_tree_bsp_0/system.mss line 251 - No IP instance named xadc_wiz_0 present in hardware design

15:16:59 ERROR : (XSDB Server)ERROR: [Hsi 55-1452] Error: running open_sw_design.

15:16:59 ERROR : (XSDB Server)ERROR: [Hsi 55-1403] /home/daniel/Schreibtisch/Git/Zybo-Linux/Vivado/ZyboLinux/ZyboLinux.sdk/device_tree_bsp_0/system.mss line 251 - No IP instance named xadc_wiz_0 present in hardware design

15:16:59 ERROR : (XSDB Server)ERROR: [Hsi 55-1452] Error: running open_sw_design.

15:16:59 ERROR : Failed to get_connected_periphs
Reason: ERROR: [Common 17-55] 'get_property' expects at least one object.
Resolution: If [get_<value>] was used to populate the object, check to make sure this command returns at least one valid object.

15:17:00 ERROR : (XSDB Server)ERROR: [Hsi 55-1403] /home/daniel/Schreibtisch/Git/Zybo-Linux/Vivado/ZyboLinux/ZyboLinux.sdk/device_tree_bsp_0/system.mss line 251 - No IP instance named xadc_wiz_0 present in hardware design

15:17:00 ERROR : (XSDB Server)ERROR: [Hsi 55-1452] Error: running open_sw_design.

15:17:00 ERROR :  [Common 17-39] 'hsi::open_sw_design' failed due to earlier errors.
15:17:00 ERROR : (XSDB Server)ERROR: [Hsi 55-1403] /home/daniel/Schreibtisch/Git/Zybo-Linux/Vivado/ZyboLinux/ZyboLinux.sdk/device_tree_bsp_0/system.mss line 251 - No IP instance named xadc_wiz_0 present in hardware design

15:17:00 ERROR : (XSDB Server)ERROR: [Hsi 55-1452] Error: running open_sw_design.

15:17:00 INFO  : Unable to read in MSS file /home/daniel/Schreibtisch/Git/Zybo-Linux/Vivado/ZyboLinux/ZyboLinux.sdk/device_tree_bsp_0/system.mss : null
15:17:00 ERROR : (XSDB Server)ERROR: [Hsi 55-1403] /home/daniel/Schreibtisch/Git/Zybo-Linux/Vivado/ZyboLinux/ZyboLinux.sdk/device_tree_bsp_0/system.mss line 251 - No IP instance named xadc_wiz_0 present in hardware design

15:17:00 ERROR : (XSDB Server)ERROR: [Hsi 55-1452] Error: running open_sw_design.

15:17:00 ERROR : (XSDB Server)ERROR: [Hsi 55-1403] /home/daniel/Schreibtisch/Git/Zybo-Linux/Vivado/ZyboLinux/ZyboLinux.sdk/device_tree_bsp_0/system.mss line 251 - No IP instance named xadc_wiz_0 present in hardware design

15:17:00 ERROR : (XSDB Server)ERROR: [Hsi 55-1452] Error: running open_sw_design.

15:17:00 ERROR : Failed to get_connected_periphs
Reason: ERROR: [Common 17-55] 'get_property' expects at least one object.
Resolution: If [get_<value>] was used to populate the object, check to make sure this command returns at least one valid object.

15:17:00 ERROR : (XSDB Server)ERROR: [Hsi 55-1403] /home/daniel/Schreibtisch/Git/Zybo-Linux/Vivado/ZyboLinux/ZyboLinux.sdk/device_tree_bsp_0/system.mss line 251 - No IP instance named xadc_wiz_0 present in hardware design

15:17:00 ERROR : (XSDB Server)ERROR: [Hsi 55-1452] Error: running open_sw_design.

15:17:00 ERROR :  [Common 17-39] 'hsi::open_sw_design' failed due to earlier errors.
15:17:00 ERROR : (XSDB Server)ERROR: [Hsi 55-1403] /home/daniel/Schreibtisch/Git/Zybo-Linux/Vivado/ZyboLinux/ZyboLinux.sdk/device_tree_bsp_0/system.mss line 251 - No IP instance named xadc_wiz_0 present in hardware design

15:17:00 ERROR : (XSDB Server)ERROR: [Hsi 55-1452] Error: running open_sw_design.

15:17:00 INFO  : Unable to read in MSS file /home/daniel/Schreibtisch/Git/Zybo-Linux/Vivado/ZyboLinux/ZyboLinux.sdk/device_tree_bsp_0/system.mss : null
15:17:00 ERROR : (XSDB Server)ERROR: [Hsi 55-1403] /home/daniel/Schreibtisch/Git/Zybo-Linux/Vivado/ZyboLinux/ZyboLinux.sdk/device_tree_bsp_0/system.mss line 251 - No IP instance named xadc_wiz_0 present in hardware design

15:17:00 ERROR : (XSDB Server)ERROR: [Hsi 55-1452] Error: running open_sw_design.

15:17:00 ERROR : (XSDB Server)ERROR: [Hsi 55-1403] /home/daniel/Schreibtisch/Git/Zybo-Linux/Vivado/ZyboLinux/ZyboLinux.sdk/device_tree_bsp_0/system.mss line 251 - No IP instance named xadc_wiz_0 present in hardware design

15:17:00 ERROR : (XSDB Server)ERROR: [Hsi 55-1452] Error: running open_sw_design.

15:17:00 ERROR : Failed to get_connected_periphs
Reason: ERROR: [Common 17-55] 'get_property' expects at least one object.
Resolution: If [get_<value>] was used to populate the object, check to make sure this command returns at least one valid object.

15:18:35 ERROR : (XSDB Server)ERROR: [Hsi 55-1403] /home/daniel/Schreibtisch/Git/Zybo-Linux/Vivado/ZyboLinux/ZyboLinux.sdk/device_tree_bsp_0/system.mss line 251 - No IP instance named xadc_wiz_0 present in hardware design

15:18:35 ERROR : (XSDB Server)ERROR: [Hsi 55-1452] Error: running open_sw_design.

15:18:35 ERROR :  [Common 17-39] 'hsi::open_sw_design' failed due to earlier errors.
15:18:35 ERROR : (XSDB Server)ERROR: [Hsi 55-1403] /home/daniel/Schreibtisch/Git/Zybo-Linux/Vivado/ZyboLinux/ZyboLinux.sdk/device_tree_bsp_0/system.mss line 251 - No IP instance named xadc_wiz_0 present in hardware design

15:18:35 ERROR : (XSDB Server)ERROR: [Hsi 55-1452] Error: running open_sw_design.

15:18:35 INFO  : Unable to read in MSS file /home/daniel/Schreibtisch/Git/Zybo-Linux/Vivado/ZyboLinux/ZyboLinux.sdk/device_tree_bsp_0/system.mss : null
15:18:35 ERROR : Failed to closesw "/home/daniel/Schreibtisch/Git/Zybo-Linux/Vivado/ZyboLinux/ZyboLinux.sdk/device_tree_bsp_0/system.mss"
Reason: Cannot close sw design '/home/daniel/Schreibtisch/Git/Zybo-Linux/Vivado/ZyboLinux/ZyboLinux.sdk/device_tree_bsp_0/system.mss'.
Design is not opened in the current session.


15:19:01 INFO  : Saving repository preferences.
15:21:07 INFO  : Launching XSCT server: xsct -n -interactive /home/daniel/Schreibtisch/Git/Zybo-Linux/Vivado/ZyboLinux/ZyboLinux.sdk/temp_xsdb_launch_script.tcl
15:21:11 INFO  : XSCT server has started successfully.
15:26:29 INFO  : Launching XSCT server: xsct -n -interactive /home/daniel/Schreibtisch/Git/Zybo-Linux/Vivado/ZyboLinux/ZyboLinux.sdk/temp_xsdb_launch_script.tcl
15:26:33 INFO  : XSCT server has started successfully.
15:26:34 INFO  : Successfully done setting XSCT server connection channel  
15:26:34 INFO  : Successfully done setting SDK workspace  
15:26:34 INFO  : Restoring local repository preferences: 
		 /home/daniel/Schreibtisch/Git/Zybo-Linux/DeviceTree/device-tree-xlnx
15:26:51 INFO  : Registering command handlers for SDK TCF services
15:26:51 INFO  : Processing command line option -hwspec /home/daniel/Schreibtisch/Git/Zybo-Linux/Vivado/ZyboLinux/ZyboLinux.sdk/ProcessingSystem_wrapper.hdf.
15:26:54 INFO  : Checking for hwspec changes in the project ProcessingSystem_wrapper_hw_platform_0.
15:30:11 INFO  : Launching XSCT server: xsct -n -interactive /home/daniel/Schreibtisch/Git/Zybo-Linux/Vivado/ZyboLinux/ZyboLinux.sdk/temp_xsdb_launch_script.tcl
15:30:15 INFO  : XSCT server has started successfully.
15:30:15 INFO  : Successfully done setting XSCT server connection channel  
15:30:16 INFO  : Restoring local repository preferences: 
		 /home/daniel/Schreibtisch/Git/Zybo-Linux/DeviceTree/device-tree-xlnx
15:30:16 INFO  : Successfully done setting SDK workspace  
15:30:18 INFO  : Registering command handlers for SDK TCF services
15:30:18 INFO  : Processing command line option -hwspec /home/daniel/Schreibtisch/Git/Zybo-Linux/Vivado/ZyboLinux/ZyboLinux.sdk/ProcessingSystem_wrapper.hdf.
18:24:42 INFO  : Launching XSCT server: xsct -n -interactive /home/daniel/Schreibtisch/Git/Zybo-Linux/Vivado/ZyboLinux/ZyboLinux.sdk/temp_xsdb_launch_script.tcl
18:24:48 INFO  : XSCT server has started successfully.
18:29:45 ERROR : (XSDB Server)/home/Xilinx/SDK/2018.3/bin/loader: Zeile 213:  6865 Gettet                "$RDI_PROG" "$@"

19:49:15 INFO  : Launching XSCT server: xsct -n -interactive /home/daniel/Schreibtisch/Git/Zybo-Linux/Vivado/ZyboLinux/ZyboLinux.sdk/temp_xsdb_launch_script.tcl
19:49:20 INFO  : XSCT server has started successfully.
19:49:20 INFO  : Successfully done setting XSCT server connection channel  
19:49:21 INFO  : Successfully done setting SDK workspace  
19:49:21 INFO  : Restoring local repository preferences: 
		 /home/daniel/Schreibtisch/Git/Zybo-Linux/DeviceTree/device-tree-xlnx
19:49:38 INFO  : Registering command handlers for SDK TCF services
19:49:39 INFO  : Processing command line option -hwspec /home/daniel/Schreibtisch/Git/Zybo-Linux/Vivado/ZyboLinux/ZyboLinux.sdk/ProcessingSystem_wrapper.hdf.
19:49:45 INFO  : Checking for hwspec changes in the project ProcessingSystem_wrapper_hw_platform_0.
19:49:45 INFO  : SDK has detected change in the last modified timestamps for source hardware specification file Source:1548355708000,  Project:1548252841000
19:49:45 INFO  : The hardware specification for project 'ProcessingSystem_wrapper_hw_platform_0' is different from /home/daniel/Schreibtisch/Git/Zybo-Linux/Vivado/ZyboLinux/ZyboLinux.sdk/ProcessingSystem_wrapper.hdf.
19:49:46 INFO  : Copied contents of /home/daniel/Schreibtisch/Git/Zybo-Linux/Vivado/ZyboLinux/ZyboLinux.sdk/ProcessingSystem_wrapper.hdf into /ProcessingSystem_wrapper_hw_platform_0/system.hdf.
19:49:57 INFO  : Synchronizing projects in the workspace with the hardware platform specification changes.
19:49:58 ERROR : (XSDB Server)ERROR: [Hsi 55-1594] Core cpu_cortexa9 of version 2.7 not found in repositories

19:49:58 ERROR : (XSDB Server)ERROR: [Hsi 55-1594] Core dmaps of version 2.4 not found in repositories
ERROR: [Hsi 55-1594] Core dmaps of version 2.4 not found in repositories
ERROR: [Hsi 55-1594] Core emacps of version 3.8 not found in repositories
ERROR: [Hsi 55-1594] Core iicps of version 3.8 not found in repositories
ERROR: [Hsi 55-1594] Core qspips of version 3.5 not found in repositories
ERROR: [Hsi 55-1594] Core scugic of version 3.10 not found in repositories
ERROR: [Hsi 55-1594] Core sdps of version 3.6 not found in repositories
ERROR: [Hsi 55-1594] Core uartps of version 3.7 not found in repositories
ERROR: [Hsi 55-1594] Core xadcps of version 2.3 not found in repositories
ERROR: [Hsi 55-1594] Core standalone of version 6.8 not found in repositories
ERROR: [Hsi 55-1594] Core xilffs of version 4.0 not found in repositories

19:49:58 ERROR : (XSDB Server)ERROR: [Hsi 55-1452] Error: running open_sw_design.

19:49:58 ERROR : Failed to call sync_sw_with_hw_change
Reason: ERROR: [Common 17-39] 'hsi::open_sw_design' failed due to earlier errors.

19:49:59 ERROR : (XSDB Server)ERROR: [Hsi 55-1545] Problem running tcl command ::sw_device_tree::generate : can't read "mem_ranges": no such variable
    while executing
"return $mem_ranges"
    (procedure "hsi::utils::get_ip_mem_ranges" line 7)
    invoked from within
"hsi::utils::get_ip_mem_ranges [get_cells -hier $slave_ip]"
    (procedure "get_baseaddr" line 3)
    invoked from within
"get_baseaddr ${ip} no_prefix"
    (procedure "gen_peripheral_nodes" line 13)
    invoked from within
"gen_peripheral_nodes $drv_handle "create_node_only""
    ("foreach" body line 3)
    invoked from within
"foreach drv_handle [get_drivers] {
        # generate the default properties
        gen_peripheral_nodes $drv_handle "create_node_only"
        gen_r..."
    (procedure "::sw_device_tree::generate" line 3)
    invoked from within
"::sw_device_tree::generate device_tree"
ERROR: [Hsi 55-1442] Error(s) while running TCL procedure generate()

19:49:59 ERROR : (XSDB Server)ERROR: [Hsi 55-1450] Error: running generate_bsp.

19:49:59 ERROR : Failed in generating sources
19:49:59 INFO  : BSP Project P/device_tree_bsp_0 has been successfully migrated.
19:50:00 ERROR : Error updating BSP project MSS files.
19:50:01 INFO  : Updating hardware inferred compiler options for FSBL.
19:50:01 INFO  : Clearing existing target manager status.
19:50:01 INFO  : Closing and re-opening the MSS file of ther project device_tree_bsp_0
19:50:03 ERROR : (XSDB Server)ERROR: [Hsi 55-1403] /home/daniel/Schreibtisch/Git/Zybo-Linux/Vivado/ZyboLinux/ZyboLinux.sdk/device_tree_bsp_0/system.mss line 20 - No IP instance named AXI_GPIO_Button present in hardware design

19:50:03 ERROR : (XSDB Server)ERROR: [Hsi 55-1403] /home/daniel/Schreibtisch/Git/Zybo-Linux/Vivado/ZyboLinux/ZyboLinux.sdk/device_tree_bsp_0/system.mss line 44 - No IP instance named AXI_GPIO_Switch present in hardware design
ERROR: [Hsi 55-1403] /home/daniel/Schreibtisch/Git/Zybo-Linux/Vivado/ZyboLinux/ZyboLinux.sdk/device_tree_bsp_0/system.mss line 68 - No IP instance named AXI_Segment_0 present in hardware design

19:50:03 ERROR : (XSDB Server)ERROR: [Hsi 55-1452] Error: running open_sw_design.

19:50:03 ERROR :  [Common 17-39] 'hsi::open_sw_design' failed due to earlier errors.
19:50:03 ERROR : (XSDB Server)ERROR: [Hsi 55-1403] /home/daniel/Schreibtisch/Git/Zybo-Linux/Vivado/ZyboLinux/ZyboLinux.sdk/device_tree_bsp_0/system.mss line 20 - No IP instance named AXI_GPIO_Button present in hardware design

19:50:03 ERROR : (XSDB Server)ERROR: [Hsi 55-1403] /home/daniel/Schreibtisch/Git/Zybo-Linux/Vivado/ZyboLinux/ZyboLinux.sdk/device_tree_bsp_0/system.mss line 44 - No IP instance named AXI_GPIO_Switch present in hardware design

19:50:03 ERROR : (XSDB Server)ERROR: [Hsi 55-1403] /home/daniel/Schreibtisch/Git/Zybo-Linux/Vivado/ZyboLinux/ZyboLinux.sdk/device_tree_bsp_0/system.mss line 68 - No IP instance named AXI_Segment_0 present in hardware design

19:50:03 ERROR : (XSDB Server)ERROR: [Hsi 55-1452] Error: running open_sw_design.

19:50:03 INFO  : Unable to read in MSS file /home/daniel/Schreibtisch/Git/Zybo-Linux/Vivado/ZyboLinux/ZyboLinux.sdk/device_tree_bsp_0/system.mss : null
19:50:03 ERROR : (XSDB Server)ERROR: [Hsi 55-1403] /home/daniel/Schreibtisch/Git/Zybo-Linux/Vivado/ZyboLinux/ZyboLinux.sdk/device_tree_bsp_0/system.mss line 20 - No IP instance named AXI_GPIO_Button present in hardware design

19:50:03 ERROR : (XSDB Server)ERROR: [Hsi 55-1403] /home/daniel/Schreibtisch/Git/Zybo-Linux/Vivado/ZyboLinux/ZyboLinux.sdk/device_tree_bsp_0/system.mss line 44 - No IP instance named AXI_GPIO_Switch present in hardware design

19:50:03 ERROR : (XSDB Server)ERROR: [Hsi 55-1403] /home/daniel/Schreibtisch/Git/Zybo-Linux/Vivado/ZyboLinux/ZyboLinux.sdk/device_tree_bsp_0/system.mss line 68 - No IP instance named AXI_Segment_0 present in hardware design

19:50:03 ERROR : (XSDB Server)ERROR: [Hsi 55-1452] Error: running open_sw_design.

19:50:03 ERROR : (XSDB Server)ERROR: [Hsi 55-1403] /home/daniel/Schreibtisch/Git/Zybo-Linux/Vivado/ZyboLinux/ZyboLinux.sdk/device_tree_bsp_0/system.mss line 20 - No IP instance named AXI_GPIO_Button present in hardware design

19:50:03 ERROR : (XSDB Server)ERROR: [Hsi 55-1403] /home/daniel/Schreibtisch/Git/Zybo-Linux/Vivado/ZyboLinux/ZyboLinux.sdk/device_tree_bsp_0/system.mss line 44 - No IP instance named AXI_GPIO_Switch present in hardware design

19:50:03 ERROR : (XSDB Server)ERROR: [Hsi 55-1403] /home/daniel/Schreibtisch/Git/Zybo-Linux/Vivado/ZyboLinux/ZyboLinux.sdk/device_tree_bsp_0/system.mss line 68 - No IP instance named AXI_Segment_0 present in hardware design

19:50:03 ERROR : (XSDB Server)ERROR: [Hsi 55-1452] Error: running open_sw_design.

19:50:04 ERROR : (XSDB Server)ERROR: [Hsi 55-1403] /home/daniel/Schreibtisch/Git/Zybo-Linux/Vivado/ZyboLinux/ZyboLinux.sdk/device_tree_bsp_0/system.mss line 20 - No IP instance named AXI_GPIO_Button present in hardware design

19:50:04 ERROR : (XSDB Server)ERROR: [Hsi 55-1403] /home/daniel/Schreibtisch/Git/Zybo-Linux/Vivado/ZyboLinux/ZyboLinux.sdk/device_tree_bsp_0/system.mss line 44 - No IP instance named AXI_GPIO_Switch present in hardware design
ERROR: [Hsi 55-1403] /home/daniel/Schreibtisch/Git/Zybo-Linux/Vivado/ZyboLinux/ZyboLinux.sdk/device_tree_bsp_0/system.mss line 68 - No IP instance named AXI_Segment_0 present in hardware design

19:50:04 ERROR : (XSDB Server)ERROR: [Hsi 55-1452] Error: running open_sw_design.

19:50:04 ERROR :  [Common 17-39] 'hsi::open_sw_design' failed due to earlier errors.
19:50:04 ERROR : (XSDB Server)ERROR: [Hsi 55-1403] /home/daniel/Schreibtisch/Git/Zybo-Linux/Vivado/ZyboLinux/ZyboLinux.sdk/device_tree_bsp_0/system.mss line 20 - No IP instance named AXI_GPIO_Button present in hardware design

19:50:04 ERROR : (XSDB Server)ERROR: [Hsi 55-1403] /home/daniel/Schreibtisch/Git/Zybo-Linux/Vivado/ZyboLinux/ZyboLinux.sdk/device_tree_bsp_0/system.mss line 44 - No IP instance named AXI_GPIO_Switch present in hardware design

19:50:04 ERROR : (XSDB Server)ERROR: [Hsi 55-1403] /home/daniel/Schreibtisch/Git/Zybo-Linux/Vivado/ZyboLinux/ZyboLinux.sdk/device_tree_bsp_0/system.mss line 68 - No IP instance named AXI_Segment_0 present in hardware design

19:50:04 ERROR : (XSDB Server)ERROR: [Hsi 55-1452] Error: running open_sw_design.

19:50:04 INFO  : Unable to read in MSS file /home/daniel/Schreibtisch/Git/Zybo-Linux/Vivado/ZyboLinux/ZyboLinux.sdk/device_tree_bsp_0/system.mss : null
19:50:04 ERROR : (XSDB Server)ERROR: [Hsi 55-1403] /home/daniel/Schreibtisch/Git/Zybo-Linux/Vivado/ZyboLinux/ZyboLinux.sdk/device_tree_bsp_0/system.mss line 20 - No IP instance named AXI_GPIO_Button present in hardware design

19:50:04 ERROR : (XSDB Server)ERROR: [Hsi 55-1403] /home/daniel/Schreibtisch/Git/Zybo-Linux/Vivado/ZyboLinux/ZyboLinux.sdk/device_tree_bsp_0/system.mss line 44 - No IP instance named AXI_GPIO_Switch present in hardware design

19:50:04 ERROR : (XSDB Server)ERROR: [Hsi 55-1403] /home/daniel/Schreibtisch/Git/Zybo-Linux/Vivado/ZyboLinux/ZyboLinux.sdk/device_tree_bsp_0/system.mss line 68 - No IP instance named AXI_Segment_0 present in hardware design

19:50:04 ERROR : (XSDB Server)ERROR: [Hsi 55-1452] Error: running open_sw_design.

19:50:04 ERROR : Failed to closesw "/home/daniel/Schreibtisch/Git/Zybo-Linux/Vivado/ZyboLinux/ZyboLinux.sdk/device_tree_bsp_0/system.mss"
Reason: Cannot close sw design '/home/daniel/Schreibtisch/Git/Zybo-Linux/Vivado/ZyboLinux/ZyboLinux.sdk/device_tree_bsp_0/system.mss'.
Design is not opened in the current session.


19:50:04 INFO  : Workspace synchronized with the new hardware specification file. Cleaning dependent projects...
19:50:06 WARN  : Linker script will not be updated automatically. Users need to update it manually.
19:50:46 ERROR : (XSDB Server)ERROR: [Hsi 55-1403] /home/daniel/Schreibtisch/Git/Zybo-Linux/Vivado/ZyboLinux/ZyboLinux.sdk/device_tree_bsp_0/system.mss line 20 - No IP instance named AXI_GPIO_Button present in hardware design

19:50:46 ERROR : (XSDB Server)ERROR: [Hsi 55-1403] /home/daniel/Schreibtisch/Git/Zybo-Linux/Vivado/ZyboLinux/ZyboLinux.sdk/device_tree_bsp_0/system.mss line 44 - No IP instance named AXI_GPIO_Switch present in hardware design
ERROR: [Hsi 55-1403] /home/daniel/Schreibtisch/Git/Zybo-Linux/Vivado/ZyboLinux/ZyboLinux.sdk/device_tree_bsp_0/system.mss line 68 - No IP instance named AXI_Segment_0 present in hardware design

19:50:46 ERROR : (XSDB Server)ERROR: [Hsi 55-1452] Error: running open_sw_design.

19:50:46 ERROR : (SwPlatform) Failed to call update_mss 
Reason: ERROR: [Common 17-39] 'hsi::open_sw_design' failed due to earlier errors.

19:50:50 ERROR : Failed to closesw "/home/daniel/Schreibtisch/Git/Zybo-Linux/Vivado/ZyboLinux/ZyboLinux.sdk/device_tree_bsp_0/system.mss"
Reason: Cannot close sw design '/home/daniel/Schreibtisch/Git/Zybo-Linux/Vivado/ZyboLinux/ZyboLinux.sdk/device_tree_bsp_0/system.mss'.
Design is not opened in the current session.


19:51:28 ERROR : (XSDB Server)ERROR: [Hsi 55-1403] /home/daniel/Schreibtisch/Git/Zybo-Linux/Vivado/ZyboLinux/ZyboLinux.sdk/device_tree_bsp_0/system.mss line 20 - No IP instance named AXI_GPIO_Button present in hardware design

19:51:28 ERROR : (XSDB Server)ERROR: [Hsi 55-1403] /home/daniel/Schreibtisch/Git/Zybo-Linux/Vivado/ZyboLinux/ZyboLinux.sdk/device_tree_bsp_0/system.mss line 44 - No IP instance named AXI_GPIO_Switch present in hardware design
ERROR: [Hsi 55-1403] /home/daniel/Schreibtisch/Git/Zybo-Linux/Vivado/ZyboLinux/ZyboLinux.sdk/device_tree_bsp_0/system.mss line 68 - No IP instance named AXI_Segment_0 present in hardware design

19:51:28 ERROR : (XSDB Server)ERROR: [Hsi 55-1452] Error: running open_sw_design.

19:51:28 ERROR :  [Common 17-39] 'hsi::open_sw_design' failed due to earlier errors.
19:51:28 ERROR : (XSDB Server)ERROR: [Hsi 55-1403] /home/daniel/Schreibtisch/Git/Zybo-Linux/Vivado/ZyboLinux/ZyboLinux.sdk/device_tree_bsp_0/system.mss line 20 - No IP instance named AXI_GPIO_Button present in hardware design

19:51:28 ERROR : (XSDB Server)ERROR: [Hsi 55-1403] /home/daniel/Schreibtisch/Git/Zybo-Linux/Vivado/ZyboLinux/ZyboLinux.sdk/device_tree_bsp_0/system.mss line 44 - No IP instance named AXI_GPIO_Switch present in hardware design
ERROR: [Hsi 55-1403] /home/daniel/Schreibtisch/Git/Zybo-Linux/Vivado/ZyboLinux/ZyboLinux.sdk/device_tree_bsp_0/system.mss line 68 - No IP instance named AXI_Segment_0 present in hardware design

19:51:28 ERROR : (XSDB Server)ERROR: [Hsi 55-1452] Error: running open_sw_design.

19:51:28 INFO  : Unable to read in MSS file /home/daniel/Schreibtisch/Git/Zybo-Linux/Vivado/ZyboLinux/ZyboLinux.sdk/device_tree_bsp_0/system.mss : null
19:51:28 ERROR : Failed to closesw "/home/daniel/Schreibtisch/Git/Zybo-Linux/Vivado/ZyboLinux/ZyboLinux.sdk/device_tree_bsp_0/system.mss"
Reason: Cannot close sw design '/home/daniel/Schreibtisch/Git/Zybo-Linux/Vivado/ZyboLinux/ZyboLinux.sdk/device_tree_bsp_0/system.mss'.
Design is not opened in the current session.


19:51:28 ERROR : (XSDB Server)ERROR: [Hsi 55-1594] Core cpu_cortexa9 of version 2.7 not found in repositories

19:51:28 ERROR : (XSDB Server)ERROR: [Hsi 55-1403] /home/daniel/Schreibtisch/Git/Zybo-Linux/Vivado/ZyboLinux/ZyboLinux.sdk/FSBL_bsp/system.mss line 21 - No IP instance named AXI_GPIO_Button present in hardware design
ERROR: [Hsi 55-1403] /home/daniel/Schreibtisch/Git/Zybo-Linux/Vivado/ZyboLinux/ZyboLinux.sdk/FSBL_bsp/system.mss line 27 - No IP instance named AXI_GPIO_Switch present in hardware design

19:51:28 ERROR : (XSDB Server)ERROR: [Hsi 55-1403] /home/daniel/Schreibtisch/Git/Zybo-Linux/Vivado/ZyboLinux/ZyboLinux.sdk/FSBL_bsp/system.mss line 33 - No IP instance named AXI_Segment_0 present in hardware design

19:51:28 ERROR : (XSDB Server)ERROR: [Hsi 55-1594] Core dmaps of version 2.4 not found in repositories

19:51:28 ERROR : (XSDB Server)ERROR: [Hsi 55-1594] Core dmaps of version 2.4 not found in repositories

19:51:28 ERROR : (XSDB Server)ERROR: [Hsi 55-1594] Core emacps of version 3.8 not found in repositories

19:51:28 ERROR : (XSDB Server)ERROR: [Hsi 55-1594] Core iicps of version 3.8 not found in repositories

19:51:28 ERROR : (XSDB Server)ERROR: [Hsi 55-1594] Core qspips of version 3.5 not found in repositories

19:51:28 ERROR : (XSDB Server)ERROR: [Hsi 55-1594] Core scugic of version 3.10 not found in repositories

19:51:28 ERROR : (XSDB Server)ERROR: [Hsi 55-1594] Core sdps of version 3.6 not found in repositories

19:51:28 ERROR : (XSDB Server)ERROR: [Hsi 55-1594] Core uartps of version 3.7 not found in repositories

19:51:28 ERROR : (XSDB Server)ERROR: [Hsi 55-1594] Core xadcps of version 2.3 not found in repositories

19:51:28 ERROR : (XSDB Server)ERROR: [Hsi 55-1594] Core standalone of version 6.8 not found in repositories

19:51:28 ERROR : (XSDB Server)ERROR: [Hsi 55-1594] Core xilffs of version 4.0 not found in repositories

19:51:28 ERROR : (XSDB Server)ERROR: [Hsi 55-1452] Error: running open_sw_design.

19:51:28 ERROR :  [Common 17-39] 'hsi::open_sw_design' failed due to earlier errors.
19:51:28 ERROR : (XSDB Server)ERROR: [Hsi 55-1594] Core cpu_cortexa9 of version 2.7 not found in repositories
ERROR: [Hsi 55-1403] /home/daniel/Schreibtisch/Git/Zybo-Linux/Vivado/ZyboLinux/ZyboLinux.sdk/FSBL_bsp/system.mss line 21 - No IP instance named AXI_GPIO_Button present in hardware design

19:51:28 ERROR : (XSDB Server)ERROR: [Hsi 55-1403] /home/daniel/Schreibtisch/Git/Zybo-Linux/Vivado/ZyboLinux/ZyboLinux.sdk/FSBL_bsp/system.mss line 27 - No IP instance named AXI_GPIO_Switch present in hardware design
ERROR: [Hsi 55-1403] /home/daniel/Schreibtisch/Git/Zybo-Linux/Vivado/ZyboLinux/ZyboLinux.sdk/FSBL_bsp/system.mss line 33 - No IP instance named AXI_Segment_0 present in hardware design

19:51:28 ERROR : (XSDB Server)ERROR: [Hsi 55-1594] Core dmaps of version 2.4 not found in repositories

19:51:28 ERROR : (XSDB Server)ERROR: [Hsi 55-1594] Core dmaps of version 2.4 not found in repositories

19:51:28 ERROR : (XSDB Server)ERROR: [Hsi 55-1594] Core emacps of version 3.8 not found in repositories

19:51:28 ERROR : (XSDB Server)ERROR: [Hsi 55-1594] Core iicps of version 3.8 not found in repositories

19:51:28 ERROR : (XSDB Server)ERROR: [Hsi 55-1594] Core qspips of version 3.5 not found in repositories

19:51:28 ERROR : (XSDB Server)ERROR: [Hsi 55-1594] Core scugic of version 3.10 not found in repositories

19:51:28 ERROR : (XSDB Server)ERROR: [Hsi 55-1594] Core sdps of version 3.6 not found in repositories

19:51:28 ERROR : (XSDB Server)ERROR: [Hsi 55-1594] Core uartps of version 3.7 not found in repositories

19:51:28 ERROR : (XSDB Server)ERROR: [Hsi 55-1594] Core xadcps of version 2.3 not found in repositories

19:51:28 ERROR : (XSDB Server)ERROR: [Hsi 55-1594] Core standalone of version 6.8 not found in repositories

19:51:28 ERROR : (XSDB Server)ERROR: [Hsi 55-1594] Core xilffs of version 4.0 not found in repositories

19:51:28 ERROR : (XSDB Server)ERROR: [Hsi 55-1452] Error: running open_sw_design.

19:51:28 INFO  : Unable to read in MSS file /home/daniel/Schreibtisch/Git/Zybo-Linux/Vivado/ZyboLinux/ZyboLinux.sdk/FSBL_bsp/system.mss : null
19:51:28 ERROR : Failed to closesw "/home/daniel/Schreibtisch/Git/Zybo-Linux/Vivado/ZyboLinux/ZyboLinux.sdk/FSBL_bsp/system.mss"
Reason: Cannot close sw design '/home/daniel/Schreibtisch/Git/Zybo-Linux/Vivado/ZyboLinux/ZyboLinux.sdk/FSBL_bsp/system.mss'.
Design is not opened in the current session.


19:52:05 INFO  : Registering command handlers for SDK TCF services
19:52:07 INFO  : Launching XSCT server: xsct -n -interactive /home/daniel/Schreibtisch/Git/Zybo-Linux/Vivado/ZyboLinux/ZyboLinux.sdk/temp_xsdb_launch_script.tcl
19:52:12 INFO  : XSCT server has started successfully.
19:52:12 INFO  : Successfully done setting XSCT server connection channel  
19:52:12 INFO  : Successfully done setting SDK workspace  
19:52:12 INFO  : Restoring local repository preferences: 
		 /home/daniel/Schreibtisch/Git/Zybo-Linux/DeviceTree/device-tree-xlnx
19:52:12 INFO  : Processing command line option -hwspec /home/daniel/Schreibtisch/Git/Zybo-Linux/Vivado/ZyboLinux/ZyboLinux.sdk/ProcessingSystem_wrapper.hdf.
17:43:45 INFO  : Launching XSCT server: xsct -n -interactive /home/daniel/Schreibtisch/Git/Zybo-Linux/Vivado/ZyboLinux/ZyboLinux.sdk/temp_xsdb_launch_script.tcl
17:43:49 INFO  : XSCT server has started successfully.
17:43:54 INFO  : Successfully done setting XSCT server connection channel  
17:43:54 INFO  : Successfully done setting SDK workspace  
17:43:54 INFO  : Restoring local repository preferences: 
		 /home/daniel/Schreibtisch/Git/Zybo-Linux/DeviceTree/device-tree-xlnx
17:44:16 INFO  : Registering command handlers for SDK TCF services
17:44:16 INFO  : Processing command line option -hwspec /home/daniel/Schreibtisch/Git/Zybo-Linux/Vivado/ZyboLinux/ZyboLinux.sdk/ProcessingSystem_wrapper.hdf.
17:44:20 INFO  : Checking for hwspec changes in the project ProcessingSystem_wrapper_hw_platform_0.
17:44:20 INFO  : SDK has detected change in the last modified timestamps for source hardware specification file Source:1548434163000,  Project:1548355708000
17:44:20 INFO  : The hardware specification for project 'ProcessingSystem_wrapper_hw_platform_0' is different from /home/daniel/Schreibtisch/Git/Zybo-Linux/Vivado/ZyboLinux/ZyboLinux.sdk/ProcessingSystem_wrapper.hdf.
17:44:22 INFO  : Copied contents of /home/daniel/Schreibtisch/Git/Zybo-Linux/Vivado/ZyboLinux/ZyboLinux.sdk/ProcessingSystem_wrapper.hdf into /ProcessingSystem_wrapper_hw_platform_0/system.hdf.
17:44:31 INFO  : Synchronizing projects in the workspace with the hardware platform specification changes.
17:44:41 INFO  : 
17:44:50 INFO  : BSP Project P/device_tree_bsp_0 has been successfully migrated.
17:44:53 INFO  : Clearing existing target manager status.
17:44:53 INFO  : Closing and re-opening the MSS file of ther project device_tree_bsp_0
17:44:58 INFO  : Workspace synchronized with the new hardware specification file. Cleaning dependent projects...
17:44:58 WARN  : Linker script will not be updated automatically. Users need to update it manually.
14:17:09 INFO  : Registering command handlers for SDK TCF services
14:17:11 INFO  : Launching XSCT server: xsct -n -interactive /home/daniel/Schreibtisch/Git/Zybo-Linux/Vivado/ZyboLinux/ZyboLinux.sdk/temp_xsdb_launch_script.tcl
14:17:18 INFO  : XSCT server has started successfully.
14:17:34 INFO  : Successfully done setting XSCT server connection channel  
14:17:34 INFO  : Successfully done setting SDK workspace  
14:17:34 INFO  : Restoring local repository preferences: 
		 /home/daniel/Schreibtisch/Git/Zybo-Linux/DeviceTree/device-tree-xlnx
14:17:35 INFO  : Processing command line option -hwspec /home/daniel/Schreibtisch/Git/Zybo-Linux/Vivado/ZyboLinux/ZyboLinux.sdk/ProcessingSystem_wrapper.hdf.
14:17:35 INFO  : Checking for hwspec changes in the project ProcessingSystem_wrapper_hw_platform_0.
14:17:59 INFO  : SDK has detected change in the last modified timestamps for source hardware specification file Source:1548508563000,  Project:1548434163000
14:17:59 INFO  : The hardware specification for project 'ProcessingSystem_wrapper_hw_platform_0' is different from /home/daniel/Schreibtisch/Git/Zybo-Linux/Vivado/ZyboLinux/ZyboLinux.sdk/ProcessingSystem_wrapper.hdf.
14:18:00 INFO  : Copied contents of /home/daniel/Schreibtisch/Git/Zybo-Linux/Vivado/ZyboLinux/ZyboLinux.sdk/ProcessingSystem_wrapper.hdf into /ProcessingSystem_wrapper_hw_platform_0/system.hdf.
14:18:10 INFO  : Synchronizing projects in the workspace with the hardware platform specification changes.
14:18:20 INFO  : 
14:18:28 INFO  : BSP Project P/device_tree_bsp_0 has been successfully migrated.
14:18:30 INFO  : Clearing existing target manager status.
